{"timestamp":"2025-07-27T15:08:56.190319","level":"info","event":"DAG bundles loaded: dags-folder","logger":"airflow.dag_processing.bundles.manager.DagBundlesManager"}
{"timestamp":"2025-07-27T15:08:56.190883","level":"info","event":"Filling up the DagBag from /opt/airflow/dags/hourly_logs_to_minio_run.py","logger":"airflow.models.dagbag.DagBag"}
{"timestamp":"2025-07-27T15:08:56.214743","level":"info","event":"Tmp dir root location: /tmp","logger":"airflow.task.hooks.airflow.providers.standard.hooks.subprocess.SubprocessHook"}
{"timestamp":"2025-07-27T15:08:56.216414","level":"info","event":"Running command: ['/usr/bin/bash', '-c', 'python /opt/airflow/dags/logs_to_minio.py']","logger":"airflow.task.hooks.airflow.providers.standard.hooks.subprocess.SubprocessHook"}
{"timestamp":"2025-07-27T15:08:56.229319","level":"info","event":"Output:","logger":"airflow.task.hooks.airflow.providers.standard.hooks.subprocess.SubprocessHook"}
{"timestamp":"2025-07-27T15:08:58.609542","level":"info","event":":: loading settings :: url = jar:file:/home/airflow/.local/lib/python3.12/site-packages/pyspark/jars/ivy-2.5.1.jar!/org/apache/ivy/core/settings/ivysettings.xml","logger":"airflow.task.hooks.airflow.providers.standard.hooks.subprocess.SubprocessHook"}
{"timestamp":"2025-07-27T15:08:58.712614","level":"info","event":"Ivy Default Cache set to: /home/airflow/.ivy2/cache","logger":"airflow.task.hooks.airflow.providers.standard.hooks.subprocess.SubprocessHook"}
{"timestamp":"2025-07-27T15:08:58.712971","level":"info","event":"The jars for the packages stored in: /home/airflow/.ivy2/jars","logger":"airflow.task.hooks.airflow.providers.standard.hooks.subprocess.SubprocessHook"}
{"timestamp":"2025-07-27T15:08:58.722192","level":"info","event":"org.apache.hadoop#hadoop-aws added as a dependency","logger":"airflow.task.hooks.airflow.providers.standard.hooks.subprocess.SubprocessHook"}
{"timestamp":"2025-07-27T15:08:58.722754","level":"info","event":"org.apache.hadoop#hadoop-common added as a dependency","logger":"airflow.task.hooks.airflow.providers.standard.hooks.subprocess.SubprocessHook"}
{"timestamp":"2025-07-27T15:08:58.724039","level":"info","event":":: resolving dependencies :: org.apache.spark#spark-submit-parent-70a8d478-9fe6-413b-8b8f-c0d4ce311ae1;1.0","logger":"airflow.task.hooks.airflow.providers.standard.hooks.subprocess.SubprocessHook"}
{"timestamp":"2025-07-27T15:08:58.724273","level":"info","event":"\tconfs: [default]","logger":"airflow.task.hooks.airflow.providers.standard.hooks.subprocess.SubprocessHook"}
{"timestamp":"2025-07-27T15:08:58.928006","level":"info","event":"\tfound org.apache.hadoop#hadoop-aws;3.3.5 in central","logger":"airflow.task.hooks.airflow.providers.standard.hooks.subprocess.SubprocessHook"}
{"timestamp":"2025-07-27T15:08:58.960489","level":"info","event":"\tfound com.amazonaws#aws-java-sdk-bundle;1.12.316 in central","logger":"airflow.task.hooks.airflow.providers.standard.hooks.subprocess.SubprocessHook"}
{"timestamp":"2025-07-27T15:08:58.989639","level":"info","event":"\tfound org.wildfly.openssl#wildfly-openssl;1.1.3.Final in central","logger":"airflow.task.hooks.airflow.providers.standard.hooks.subprocess.SubprocessHook"}
{"timestamp":"2025-07-27T15:08:59.048219","level":"info","event":"\tfound org.apache.hadoop#hadoop-common;3.3.5 in central","logger":"airflow.task.hooks.airflow.providers.standard.hooks.subprocess.SubprocessHook"}
{"timestamp":"2025-07-27T15:08:59.125238","level":"info","event":"\tfound org.apache.hadoop.thirdparty#hadoop-shaded-protobuf_3_7;1.1.1 in central","logger":"airflow.task.hooks.airflow.providers.standard.hooks.subprocess.SubprocessHook"}
{"timestamp":"2025-07-27T15:08:59.195087","level":"info","event":"\tfound org.apache.hadoop#hadoop-annotations;3.3.5 in central","logger":"airflow.task.hooks.airflow.providers.standard.hooks.subprocess.SubprocessHook"}
{"timestamp":"2025-07-27T15:08:59.221459","level":"info","event":"\tfound org.apache.hadoop.thirdparty#hadoop-shaded-guava;1.1.1 in central","logger":"airflow.task.hooks.airflow.providers.standard.hooks.subprocess.SubprocessHook"}
{"timestamp":"2025-07-27T15:08:59.249599","level":"info","event":"\tfound com.google.guava#guava;27.0-jre in central","logger":"airflow.task.hooks.airflow.providers.standard.hooks.subprocess.SubprocessHook"}
{"timestamp":"2025-07-27T15:08:59.277147","level":"info","event":"\tfound com.google.guava#failureaccess;1.0 in central","logger":"airflow.task.hooks.airflow.providers.standard.hooks.subprocess.SubprocessHook"}
{"timestamp":"2025-07-27T15:08:59.303708","level":"info","event":"\tfound com.google.guava#listenablefuture;9999.0-empty-to-avoid-conflict-with-guava in central","logger":"airflow.task.hooks.airflow.providers.standard.hooks.subprocess.SubprocessHook"}
{"timestamp":"2025-07-27T15:08:59.343537","level":"info","event":"\tfound com.google.code.findbugs#jsr305;3.0.2 in central","logger":"airflow.task.hooks.airflow.providers.standard.hooks.subprocess.SubprocessHook"}
{"timestamp":"2025-07-27T15:08:59.364673","level":"info","event":"\tfound org.checkerframework#checker-qual;2.5.2 in central","logger":"airflow.task.hooks.airflow.providers.standard.hooks.subprocess.SubprocessHook"}
{"timestamp":"2025-07-27T15:08:59.395391","level":"info","event":"\tfound com.google.j2objc#j2objc-annotations;1.1 in central","logger":"airflow.task.hooks.airflow.providers.standard.hooks.subprocess.SubprocessHook"}
{"timestamp":"2025-07-27T15:08:59.415345","level":"info","event":"\tfound org.codehaus.mojo#animal-sniffer-annotations;1.17 in central","logger":"airflow.task.hooks.airflow.providers.standard.hooks.subprocess.SubprocessHook"}
{"timestamp":"2025-07-27T15:08:59.433893","level":"info","event":"\tfound commons-cli#commons-cli;1.2 in central","logger":"airflow.task.hooks.airflow.providers.standard.hooks.subprocess.SubprocessHook"}
{"timestamp":"2025-07-27T15:08:59.454350","level":"info","event":"\tfound org.apache.commons#commons-math3;3.1.1 in central","logger":"airflow.task.hooks.airflow.providers.standard.hooks.subprocess.SubprocessHook"}
{"timestamp":"2025-07-27T15:08:59.473589","level":"info","event":"\tfound org.apache.httpcomponents#httpclient;4.5.13 in central","logger":"airflow.task.hooks.airflow.providers.standard.hooks.subprocess.SubprocessHook"}
{"timestamp":"2025-07-27T15:08:59.489926","level":"info","event":"\tfound org.apache.httpcomponents#httpcore;4.4.13 in central","logger":"airflow.task.hooks.airflow.providers.standard.hooks.subprocess.SubprocessHook"}
{"timestamp":"2025-07-27T15:08:59.504634","level":"info","event":"\tfound commons-logging#commons-logging;1.1.3 in central","logger":"airflow.task.hooks.airflow.providers.standard.hooks.subprocess.SubprocessHook"}
{"timestamp":"2025-07-27T15:08:59.518127","level":"info","event":"\tfound commons-codec#commons-codec;1.15 in central","logger":"airflow.task.hooks.airflow.providers.standard.hooks.subprocess.SubprocessHook"}
{"timestamp":"2025-07-27T15:08:59.540095","level":"info","event":"\tfound commons-io#commons-io;2.8.0 in central","logger":"airflow.task.hooks.airflow.providers.standard.hooks.subprocess.SubprocessHook"}
{"timestamp":"2025-07-27T15:08:59.565523","level":"info","event":"\tfound commons-net#commons-net;3.9.0 in central","logger":"airflow.task.hooks.airflow.providers.standard.hooks.subprocess.SubprocessHook"}
{"timestamp":"2025-07-27T15:08:59.578803","level":"info","event":"\tfound commons-collections#commons-collections;3.2.2 in central","logger":"airflow.task.hooks.airflow.providers.standard.hooks.subprocess.SubprocessHook"}
{"timestamp":"2025-07-27T15:08:59.592600","level":"info","event":"\tfound javax.servlet#javax.servlet-api;3.1.0 in central","logger":"airflow.task.hooks.airflow.providers.standard.hooks.subprocess.SubprocessHook"}
{"timestamp":"2025-07-27T15:08:59.613141","level":"info","event":"\tfound org.eclipse.jetty#jetty-server;9.4.48.v20220622 in central","logger":"airflow.task.hooks.airflow.providers.standard.hooks.subprocess.SubprocessHook"}
{"timestamp":"2025-07-27T15:08:59.635839","level":"info","event":"\tfound org.eclipse.jetty#jetty-http;9.4.48.v20220622 in central","logger":"airflow.task.hooks.airflow.providers.standard.hooks.subprocess.SubprocessHook"}
{"timestamp":"2025-07-27T15:08:59.653838","level":"info","event":"\tfound org.eclipse.jetty#jetty-util;9.4.48.v20220622 in central","logger":"airflow.task.hooks.airflow.providers.standard.hooks.subprocess.SubprocessHook"}
{"timestamp":"2025-07-27T15:08:59.671895","level":"info","event":"\tfound org.eclipse.jetty#jetty-io;9.4.48.v20220622 in central","logger":"airflow.task.hooks.airflow.providers.standard.hooks.subprocess.SubprocessHook"}
{"timestamp":"2025-07-27T15:08:59.692328","level":"info","event":"\tfound org.eclipse.jetty#jetty-servlet;9.4.48.v20220622 in central","logger":"airflow.task.hooks.airflow.providers.standard.hooks.subprocess.SubprocessHook"}
{"timestamp":"2025-07-27T15:08:59.708806","level":"info","event":"\tfound org.eclipse.jetty#jetty-security;9.4.48.v20220622 in central","logger":"airflow.task.hooks.airflow.providers.standard.hooks.subprocess.SubprocessHook"}
{"timestamp":"2025-07-27T15:08:59.736699","level":"info","event":"\tfound org.eclipse.jetty#jetty-util-ajax;9.4.48.v20220622 in central","logger":"airflow.task.hooks.airflow.providers.standard.hooks.subprocess.SubprocessHook"}
{"timestamp":"2025-07-27T15:08:59.763449","level":"info","event":"\tfound org.eclipse.jetty#jetty-webapp;9.4.48.v20220622 in central","logger":"airflow.task.hooks.airflow.providers.standard.hooks.subprocess.SubprocessHook"}
{"timestamp":"2025-07-27T15:08:59.783886","level":"info","event":"\tfound org.eclipse.jetty#jetty-xml;9.4.48.v20220622 in central","logger":"airflow.task.hooks.airflow.providers.standard.hooks.subprocess.SubprocessHook"}
{"timestamp":"2025-07-27T15:08:59.795413","level":"info","event":"\tfound com.sun.jersey#jersey-core;1.19.4 in central","logger":"airflow.task.hooks.airflow.providers.standard.hooks.subprocess.SubprocessHook"}
{"timestamp":"2025-07-27T15:08:59.812458","level":"info","event":"\tfound javax.ws.rs#jsr311-api;1.1.1 in central","logger":"airflow.task.hooks.airflow.providers.standard.hooks.subprocess.SubprocessHook"}
{"timestamp":"2025-07-27T15:08:59.829763","level":"info","event":"\tfound com.sun.jersey#jersey-servlet;1.19.4 in central","logger":"airflow.task.hooks.airflow.providers.standard.hooks.subprocess.SubprocessHook"}
{"timestamp":"2025-07-27T15:08:59.845920","level":"info","event":"\tfound com.sun.jersey#jersey-server;1.19.4 in central","logger":"airflow.task.hooks.airflow.providers.standard.hooks.subprocess.SubprocessHook"}
{"timestamp":"2025-07-27T15:08:59.863576","level":"info","event":"\tfound com.github.pjfanning#jersey-json;1.20 in central","logger":"airflow.task.hooks.airflow.providers.standard.hooks.subprocess.SubprocessHook"}
{"timestamp":"2025-07-27T15:08:59.877371","level":"info","event":"\tfound org.codehaus.jettison#jettison;1.5.3 in central","logger":"airflow.task.hooks.airflow.providers.standard.hooks.subprocess.SubprocessHook"}
{"timestamp":"2025-07-27T15:08:59.893702","level":"info","event":"\tfound com.sun.xml.bind#jaxb-impl;2.2.3-1 in central","logger":"airflow.task.hooks.airflow.providers.standard.hooks.subprocess.SubprocessHook"}
{"timestamp":"2025-07-27T15:08:59.912642","level":"info","event":"\tfound javax.xml.bind#jaxb-api;2.2.11 in central","logger":"airflow.task.hooks.airflow.providers.standard.hooks.subprocess.SubprocessHook"}
{"timestamp":"2025-07-27T15:08:59.932075","level":"info","event":"\tfound ch.qos.reload4j#reload4j;1.2.22 in central","logger":"airflow.task.hooks.airflow.providers.standard.hooks.subprocess.SubprocessHook"}
{"timestamp":"2025-07-27T15:08:59.948578","level":"info","event":"\tfound commons-beanutils#commons-beanutils;1.9.4 in central","logger":"airflow.task.hooks.airflow.providers.standard.hooks.subprocess.SubprocessHook"}
{"timestamp":"2025-07-27T15:08:59.966761","level":"info","event":"\tfound org.apache.commons#commons-configuration2;2.8.0 in central","logger":"airflow.task.hooks.airflow.providers.standard.hooks.subprocess.SubprocessHook"}
{"timestamp":"2025-07-27T15:08:59.986798","level":"info","event":"\tfound org.apache.commons#commons-text;1.10.0 in central","logger":"airflow.task.hooks.airflow.providers.standard.hooks.subprocess.SubprocessHook"}
{"timestamp":"2025-07-27T15:09:00.005009","level":"info","event":"\tfound org.apache.commons#commons-lang3;3.12.0 in central","logger":"airflow.task.hooks.airflow.providers.standard.hooks.subprocess.SubprocessHook"}
{"timestamp":"2025-07-27T15:09:00.038779","level":"info","event":"\tfound org.slf4j#slf4j-api;1.7.36 in central","logger":"airflow.task.hooks.airflow.providers.standard.hooks.subprocess.SubprocessHook"}
{"timestamp":"2025-07-27T15:09:00.054398","level":"info","event":"\tfound org.slf4j#slf4j-reload4j;1.7.36 in central","logger":"airflow.task.hooks.airflow.providers.standard.hooks.subprocess.SubprocessHook"}
{"timestamp":"2025-07-27T15:09:00.070894","level":"info","event":"\tfound org.apache.avro#avro;1.7.7 in central","logger":"airflow.task.hooks.airflow.providers.standard.hooks.subprocess.SubprocessHook"}
{"timestamp":"2025-07-27T15:09:00.084497","level":"info","event":"\tfound org.codehaus.jackson#jackson-core-asl;1.9.13 in central","logger":"airflow.task.hooks.airflow.providers.standard.hooks.subprocess.SubprocessHook"}
{"timestamp":"2025-07-27T15:09:00.095614","level":"info","event":"\tfound org.codehaus.jackson#jackson-mapper-asl;1.9.13 in central","logger":"airflow.task.hooks.airflow.providers.standard.hooks.subprocess.SubprocessHook"}
{"timestamp":"2025-07-27T15:09:00.110557","level":"info","event":"\tfound com.thoughtworks.paranamer#paranamer;2.3 in central","logger":"airflow.task.hooks.airflow.providers.standard.hooks.subprocess.SubprocessHook"}
{"timestamp":"2025-07-27T15:09:00.124829","level":"info","event":"\tfound org.xerial.snappy#snappy-java;1.1.8.2 in central","logger":"airflow.task.hooks.airflow.providers.standard.hooks.subprocess.SubprocessHook"}
{"timestamp":"2025-07-27T15:09:00.140229","level":"info","event":"\tfound org.apache.commons#commons-compress;1.21 in central","logger":"airflow.task.hooks.airflow.providers.standard.hooks.subprocess.SubprocessHook"}
{"timestamp":"2025-07-27T15:09:00.151867","level":"info","event":"\tfound com.google.re2j#re2j;1.1 in central","logger":"airflow.task.hooks.airflow.providers.standard.hooks.subprocess.SubprocessHook"}
{"timestamp":"2025-07-27T15:09:00.167508","level":"info","event":"\tfound com.google.protobuf#protobuf-java;2.5.0 in central","logger":"airflow.task.hooks.airflow.providers.standard.hooks.subprocess.SubprocessHook"}
{"timestamp":"2025-07-27T15:09:00.182916","level":"info","event":"\tfound com.google.code.gson#gson;2.9.0 in central","logger":"airflow.task.hooks.airflow.providers.standard.hooks.subprocess.SubprocessHook"}
{"timestamp":"2025-07-27T15:09:00.213983","level":"info","event":"\tfound org.apache.hadoop#hadoop-auth;3.3.5 in central","logger":"airflow.task.hooks.airflow.providers.standard.hooks.subprocess.SubprocessHook"}
{"timestamp":"2025-07-27T15:09:00.231951","level":"info","event":"\tfound com.nimbusds#nimbus-jose-jwt;9.8.1 in central","logger":"airflow.task.hooks.airflow.providers.standard.hooks.subprocess.SubprocessHook"}
{"timestamp":"2025-07-27T15:09:00.249683","level":"info","event":"\tfound com.github.stephenc.jcip#jcip-annotations;1.0-1 in central","logger":"airflow.task.hooks.airflow.providers.standard.hooks.subprocess.SubprocessHook"}
{"timestamp":"2025-07-27T15:09:00.265977","level":"info","event":"\tfound net.minidev#json-smart;2.4.7 in central","logger":"airflow.task.hooks.airflow.providers.standard.hooks.subprocess.SubprocessHook"}
{"timestamp":"2025-07-27T15:09:00.277475","level":"info","event":"\tfound net.minidev#accessors-smart;2.4.7 in central","logger":"airflow.task.hooks.airflow.providers.standard.hooks.subprocess.SubprocessHook"}
{"timestamp":"2025-07-27T15:09:00.289209","level":"info","event":"\tfound org.ow2.asm#asm;5.0.4 in central","logger":"airflow.task.hooks.airflow.providers.standard.hooks.subprocess.SubprocessHook"}
{"timestamp":"2025-07-27T15:09:00.308026","level":"info","event":"\tfound org.apache.zookeeper#zookeeper;3.5.6 in central","logger":"airflow.task.hooks.airflow.providers.standard.hooks.subprocess.SubprocessHook"}
{"timestamp":"2025-07-27T15:09:00.324252","level":"info","event":"\tfound org.apache.zookeeper#zookeeper-jute;3.5.6 in central","logger":"airflow.task.hooks.airflow.providers.standard.hooks.subprocess.SubprocessHook"}
{"timestamp":"2025-07-27T15:09:00.339274","level":"info","event":"\tfound org.apache.yetus#audience-annotations;0.5.0 in central","logger":"airflow.task.hooks.airflow.providers.standard.hooks.subprocess.SubprocessHook"}
{"timestamp":"2025-07-27T15:09:00.357426","level":"info","event":"\tfound org.apache.curator#curator-framework;4.2.0 in central","logger":"airflow.task.hooks.airflow.providers.standard.hooks.subprocess.SubprocessHook"}
{"timestamp":"2025-07-27T15:09:00.371350","level":"info","event":"\tfound org.apache.curator#curator-client;4.2.0 in central","logger":"airflow.task.hooks.airflow.providers.standard.hooks.subprocess.SubprocessHook"}
{"timestamp":"2025-07-27T15:09:00.383000","level":"info","event":"\tfound org.apache.kerby#kerb-simplekdc;1.0.1 in central","logger":"airflow.task.hooks.airflow.providers.standard.hooks.subprocess.SubprocessHook"}
{"timestamp":"2025-07-27T15:09:00.398693","level":"info","event":"\tfound org.apache.kerby#kerb-client;1.0.1 in central","logger":"airflow.task.hooks.airflow.providers.standard.hooks.subprocess.SubprocessHook"}
{"timestamp":"2025-07-27T15:09:00.421012","level":"info","event":"\tfound org.apache.kerby#kerby-config;1.0.1 in central","logger":"airflow.task.hooks.airflow.providers.standard.hooks.subprocess.SubprocessHook"}
{"timestamp":"2025-07-27T15:09:00.436619","level":"info","event":"\tfound org.apache.kerby#kerb-core;1.0.1 in central","logger":"airflow.task.hooks.airflow.providers.standard.hooks.subprocess.SubprocessHook"}
{"timestamp":"2025-07-27T15:09:00.448949","level":"info","event":"\tfound org.apache.kerby#kerby-pkix;1.0.1 in central","logger":"airflow.task.hooks.airflow.providers.standard.hooks.subprocess.SubprocessHook"}
{"timestamp":"2025-07-27T15:09:00.463071","level":"info","event":"\tfound org.apache.kerby#kerby-asn1;1.0.1 in central","logger":"airflow.task.hooks.airflow.providers.standard.hooks.subprocess.SubprocessHook"}
{"timestamp":"2025-07-27T15:09:00.475047","level":"info","event":"\tfound org.apache.kerby#kerby-util;1.0.1 in central","logger":"airflow.task.hooks.airflow.providers.standard.hooks.subprocess.SubprocessHook"}
{"timestamp":"2025-07-27T15:09:00.488607","level":"info","event":"\tfound org.apache.kerby#kerb-common;1.0.1 in central","logger":"airflow.task.hooks.airflow.providers.standard.hooks.subprocess.SubprocessHook"}
{"timestamp":"2025-07-27T15:09:00.503835","level":"info","event":"\tfound org.apache.kerby#kerb-crypto;1.0.1 in central","logger":"airflow.task.hooks.airflow.providers.standard.hooks.subprocess.SubprocessHook"}
{"timestamp":"2025-07-27T15:09:00.518806","level":"info","event":"\tfound org.apache.kerby#kerb-util;1.0.1 in central","logger":"airflow.task.hooks.airflow.providers.standard.hooks.subprocess.SubprocessHook"}
{"timestamp":"2025-07-27T15:09:00.534117","level":"info","event":"\tfound org.apache.kerby#token-provider;1.0.1 in central","logger":"airflow.task.hooks.airflow.providers.standard.hooks.subprocess.SubprocessHook"}
{"timestamp":"2025-07-27T15:09:00.547557","level":"info","event":"\tfound org.apache.kerby#kerb-admin;1.0.1 in central","logger":"airflow.task.hooks.airflow.providers.standard.hooks.subprocess.SubprocessHook"}
{"timestamp":"2025-07-27T15:09:00.560785","level":"info","event":"\tfound org.apache.kerby#kerb-server;1.0.1 in central","logger":"airflow.task.hooks.airflow.providers.standard.hooks.subprocess.SubprocessHook"}
{"timestamp":"2025-07-27T15:09:00.575802","level":"info","event":"\tfound org.apache.kerby#kerb-identity;1.0.1 in central","logger":"airflow.task.hooks.airflow.providers.standard.hooks.subprocess.SubprocessHook"}
{"timestamp":"2025-07-27T15:09:00.590592","level":"info","event":"\tfound org.apache.kerby#kerby-xdr;1.0.1 in central","logger":"airflow.task.hooks.airflow.providers.standard.hooks.subprocess.SubprocessHook"}
{"timestamp":"2025-07-27T15:09:00.613956","level":"info","event":"\tfound com.jcraft#jsch;0.1.55 in central","logger":"airflow.task.hooks.airflow.providers.standard.hooks.subprocess.SubprocessHook"}
{"timestamp":"2025-07-27T15:09:00.633782","level":"info","event":"\tfound org.apache.curator#curator-recipes;4.2.0 in central","logger":"airflow.task.hooks.airflow.providers.standard.hooks.subprocess.SubprocessHook"}
{"timestamp":"2025-07-27T15:09:00.649281","level":"info","event":"\tfound com.fasterxml.jackson.core#jackson-databind;2.12.7.1 in central","logger":"airflow.task.hooks.airflow.providers.standard.hooks.subprocess.SubprocessHook"}
{"timestamp":"2025-07-27T15:09:00.659244","level":"info","event":"\tfound com.fasterxml.jackson.core#jackson-annotations;2.12.7 in central","logger":"airflow.task.hooks.airflow.providers.standard.hooks.subprocess.SubprocessHook"}
{"timestamp":"2025-07-27T15:09:00.669207","level":"info","event":"\tfound com.fasterxml.jackson.core#jackson-core;2.12.7 in central","logger":"airflow.task.hooks.airflow.providers.standard.hooks.subprocess.SubprocessHook"}
{"timestamp":"2025-07-27T15:09:00.678107","level":"info","event":"\tfound org.codehaus.woodstox#stax2-api;4.2.1 in central","logger":"airflow.task.hooks.airflow.providers.standard.hooks.subprocess.SubprocessHook"}
{"timestamp":"2025-07-27T15:09:00.685732","level":"info","event":"\tfound com.fasterxml.woodstox#woodstox-core;5.4.0 in central","logger":"airflow.task.hooks.airflow.providers.standard.hooks.subprocess.SubprocessHook"}
{"timestamp":"2025-07-27T15:09:00.695539","level":"info","event":"\tfound dnsjava#dnsjava;2.1.7 in central","logger":"airflow.task.hooks.airflow.providers.standard.hooks.subprocess.SubprocessHook"}
{"timestamp":"2025-07-27T15:09:00.706784","level":"info","event":"\tfound jakarta.activation#jakarta.activation-api;1.2.1 in central","logger":"airflow.task.hooks.airflow.providers.standard.hooks.subprocess.SubprocessHook"}
{"timestamp":"2025-07-27T15:09:00.719630","level":"info","event":"\tfound javax.servlet.jsp#jsp-api;2.1 in central","logger":"airflow.task.hooks.airflow.providers.standard.hooks.subprocess.SubprocessHook"}
{"timestamp":"2025-07-27T15:09:00.798446","level":"info","event":":: resolution report :: resolve 2021ms :: artifacts dl 54ms","logger":"airflow.task.hooks.airflow.providers.standard.hooks.subprocess.SubprocessHook"}
{"timestamp":"2025-07-27T15:09:00.798664","level":"info","event":"\t:: modules in use:","logger":"airflow.task.hooks.airflow.providers.standard.hooks.subprocess.SubprocessHook"}
{"timestamp":"2025-07-27T15:09:00.799552","level":"info","event":"\tch.qos.reload4j#reload4j;1.2.22 from central in [default]","logger":"airflow.task.hooks.airflow.providers.standard.hooks.subprocess.SubprocessHook"}
{"timestamp":"2025-07-27T15:09:00.799718","level":"info","event":"\tcom.amazonaws#aws-java-sdk-bundle;1.12.316 from central in [default]","logger":"airflow.task.hooks.airflow.providers.standard.hooks.subprocess.SubprocessHook"}
{"timestamp":"2025-07-27T15:09:00.799866","level":"info","event":"\tcom.fasterxml.jackson.core#jackson-annotations;2.12.7 from central in [default]","logger":"airflow.task.hooks.airflow.providers.standard.hooks.subprocess.SubprocessHook"}
{"timestamp":"2025-07-27T15:09:00.799998","level":"info","event":"\tcom.fasterxml.jackson.core#jackson-core;2.12.7 from central in [default]","logger":"airflow.task.hooks.airflow.providers.standard.hooks.subprocess.SubprocessHook"}
{"timestamp":"2025-07-27T15:09:00.800086","level":"info","event":"\tcom.fasterxml.jackson.core#jackson-databind;2.12.7.1 from central in [default]","logger":"airflow.task.hooks.airflow.providers.standard.hooks.subprocess.SubprocessHook"}
{"timestamp":"2025-07-27T15:09:00.800161","level":"info","event":"\tcom.fasterxml.woodstox#woodstox-core;5.4.0 from central in [default]","logger":"airflow.task.hooks.airflow.providers.standard.hooks.subprocess.SubprocessHook"}
{"timestamp":"2025-07-27T15:09:00.800246","level":"info","event":"\tcom.github.pjfanning#jersey-json;1.20 from central in [default]","logger":"airflow.task.hooks.airflow.providers.standard.hooks.subprocess.SubprocessHook"}
{"timestamp":"2025-07-27T15:09:00.800349","level":"info","event":"\tcom.github.stephenc.jcip#jcip-annotations;1.0-1 from central in [default]","logger":"airflow.task.hooks.airflow.providers.standard.hooks.subprocess.SubprocessHook"}
{"timestamp":"2025-07-27T15:09:00.800470","level":"info","event":"\tcom.google.code.findbugs#jsr305;3.0.2 from central in [default]","logger":"airflow.task.hooks.airflow.providers.standard.hooks.subprocess.SubprocessHook"}
{"timestamp":"2025-07-27T15:09:00.800621","level":"info","event":"\tcom.google.code.gson#gson;2.9.0 from central in [default]","logger":"airflow.task.hooks.airflow.providers.standard.hooks.subprocess.SubprocessHook"}
{"timestamp":"2025-07-27T15:09:00.800735","level":"info","event":"\tcom.google.guava#failureaccess;1.0 from central in [default]","logger":"airflow.task.hooks.airflow.providers.standard.hooks.subprocess.SubprocessHook"}
{"timestamp":"2025-07-27T15:09:00.800835","level":"info","event":"\tcom.google.guava#guava;27.0-jre from central in [default]","logger":"airflow.task.hooks.airflow.providers.standard.hooks.subprocess.SubprocessHook"}
{"timestamp":"2025-07-27T15:09:00.800953","level":"info","event":"\tcom.google.guava#listenablefuture;9999.0-empty-to-avoid-conflict-with-guava from central in [default]","logger":"airflow.task.hooks.airflow.providers.standard.hooks.subprocess.SubprocessHook"}
{"timestamp":"2025-07-27T15:09:00.801071","level":"info","event":"\tcom.google.j2objc#j2objc-annotations;1.1 from central in [default]","logger":"airflow.task.hooks.airflow.providers.standard.hooks.subprocess.SubprocessHook"}
{"timestamp":"2025-07-27T15:09:00.801201","level":"info","event":"\tcom.google.protobuf#protobuf-java;2.5.0 from central in [default]","logger":"airflow.task.hooks.airflow.providers.standard.hooks.subprocess.SubprocessHook"}
{"timestamp":"2025-07-27T15:09:00.801332","level":"info","event":"\tcom.google.re2j#re2j;1.1 from central in [default]","logger":"airflow.task.hooks.airflow.providers.standard.hooks.subprocess.SubprocessHook"}
{"timestamp":"2025-07-27T15:09:00.801438","level":"info","event":"\tcom.jcraft#jsch;0.1.55 from central in [default]","logger":"airflow.task.hooks.airflow.providers.standard.hooks.subprocess.SubprocessHook"}
{"timestamp":"2025-07-27T15:09:00.801563","level":"info","event":"\tcom.nimbusds#nimbus-jose-jwt;9.8.1 from central in [default]","logger":"airflow.task.hooks.airflow.providers.standard.hooks.subprocess.SubprocessHook"}
{"timestamp":"2025-07-27T15:09:00.801682","level":"info","event":"\tcom.sun.jersey#jersey-core;1.19.4 from central in [default]","logger":"airflow.task.hooks.airflow.providers.standard.hooks.subprocess.SubprocessHook"}
{"timestamp":"2025-07-27T15:09:00.801805","level":"info","event":"\tcom.sun.jersey#jersey-server;1.19.4 from central in [default]","logger":"airflow.task.hooks.airflow.providers.standard.hooks.subprocess.SubprocessHook"}
{"timestamp":"2025-07-27T15:09:00.801943","level":"info","event":"\tcom.sun.jersey#jersey-servlet;1.19.4 from central in [default]","logger":"airflow.task.hooks.airflow.providers.standard.hooks.subprocess.SubprocessHook"}
{"timestamp":"2025-07-27T15:09:00.802058","level":"info","event":"\tcom.sun.xml.bind#jaxb-impl;2.2.3-1 from central in [default]","logger":"airflow.task.hooks.airflow.providers.standard.hooks.subprocess.SubprocessHook"}
{"timestamp":"2025-07-27T15:09:00.802157","level":"info","event":"\tcom.thoughtworks.paranamer#paranamer;2.3 from central in [default]","logger":"airflow.task.hooks.airflow.providers.standard.hooks.subprocess.SubprocessHook"}
{"timestamp":"2025-07-27T15:09:00.802254","level":"info","event":"\tcommons-beanutils#commons-beanutils;1.9.4 from central in [default]","logger":"airflow.task.hooks.airflow.providers.standard.hooks.subprocess.SubprocessHook"}
{"timestamp":"2025-07-27T15:09:00.802394","level":"info","event":"\tcommons-cli#commons-cli;1.2 from central in [default]","logger":"airflow.task.hooks.airflow.providers.standard.hooks.subprocess.SubprocessHook"}
{"timestamp":"2025-07-27T15:09:00.802517","level":"info","event":"\tcommons-codec#commons-codec;1.15 from central in [default]","logger":"airflow.task.hooks.airflow.providers.standard.hooks.subprocess.SubprocessHook"}
{"timestamp":"2025-07-27T15:09:00.802687","level":"info","event":"\tcommons-collections#commons-collections;3.2.2 from central in [default]","logger":"airflow.task.hooks.airflow.providers.standard.hooks.subprocess.SubprocessHook"}
{"timestamp":"2025-07-27T15:09:00.802818","level":"info","event":"\tcommons-io#commons-io;2.8.0 from central in [default]","logger":"airflow.task.hooks.airflow.providers.standard.hooks.subprocess.SubprocessHook"}
{"timestamp":"2025-07-27T15:09:00.802941","level":"info","event":"\tcommons-logging#commons-logging;1.1.3 from central in [default]","logger":"airflow.task.hooks.airflow.providers.standard.hooks.subprocess.SubprocessHook"}
{"timestamp":"2025-07-27T15:09:00.803064","level":"info","event":"\tcommons-net#commons-net;3.9.0 from central in [default]","logger":"airflow.task.hooks.airflow.providers.standard.hooks.subprocess.SubprocessHook"}
{"timestamp":"2025-07-27T15:09:00.803182","level":"info","event":"\tdnsjava#dnsjava;2.1.7 from central in [default]","logger":"airflow.task.hooks.airflow.providers.standard.hooks.subprocess.SubprocessHook"}
{"timestamp":"2025-07-27T15:09:00.803305","level":"info","event":"\tjakarta.activation#jakarta.activation-api;1.2.1 from central in [default]","logger":"airflow.task.hooks.airflow.providers.standard.hooks.subprocess.SubprocessHook"}
{"timestamp":"2025-07-27T15:09:00.803421","level":"info","event":"\tjavax.servlet#javax.servlet-api;3.1.0 from central in [default]","logger":"airflow.task.hooks.airflow.providers.standard.hooks.subprocess.SubprocessHook"}
{"timestamp":"2025-07-27T15:09:00.803575","level":"info","event":"\tjavax.servlet.jsp#jsp-api;2.1 from central in [default]","logger":"airflow.task.hooks.airflow.providers.standard.hooks.subprocess.SubprocessHook"}
{"timestamp":"2025-07-27T15:09:00.803716","level":"info","event":"\tjavax.ws.rs#jsr311-api;1.1.1 from central in [default]","logger":"airflow.task.hooks.airflow.providers.standard.hooks.subprocess.SubprocessHook"}
{"timestamp":"2025-07-27T15:09:00.803830","level":"info","event":"\tjavax.xml.bind#jaxb-api;2.2.11 from central in [default]","logger":"airflow.task.hooks.airflow.providers.standard.hooks.subprocess.SubprocessHook"}
{"timestamp":"2025-07-27T15:09:00.803929","level":"info","event":"\tnet.minidev#accessors-smart;2.4.7 from central in [default]","logger":"airflow.task.hooks.airflow.providers.standard.hooks.subprocess.SubprocessHook"}
{"timestamp":"2025-07-27T15:09:00.804071","level":"info","event":"\tnet.minidev#json-smart;2.4.7 from central in [default]","logger":"airflow.task.hooks.airflow.providers.standard.hooks.subprocess.SubprocessHook"}
{"timestamp":"2025-07-27T15:09:00.804198","level":"info","event":"\torg.apache.avro#avro;1.7.7 from central in [default]","logger":"airflow.task.hooks.airflow.providers.standard.hooks.subprocess.SubprocessHook"}
{"timestamp":"2025-07-27T15:09:00.804321","level":"info","event":"\torg.apache.commons#commons-compress;1.21 from central in [default]","logger":"airflow.task.hooks.airflow.providers.standard.hooks.subprocess.SubprocessHook"}
{"timestamp":"2025-07-27T15:09:00.804458","level":"info","event":"\torg.apache.commons#commons-configuration2;2.8.0 from central in [default]","logger":"airflow.task.hooks.airflow.providers.standard.hooks.subprocess.SubprocessHook"}
{"timestamp":"2025-07-27T15:09:00.804602","level":"info","event":"\torg.apache.commons#commons-lang3;3.12.0 from central in [default]","logger":"airflow.task.hooks.airflow.providers.standard.hooks.subprocess.SubprocessHook"}
{"timestamp":"2025-07-27T15:09:00.804711","level":"info","event":"\torg.apache.commons#commons-math3;3.1.1 from central in [default]","logger":"airflow.task.hooks.airflow.providers.standard.hooks.subprocess.SubprocessHook"}
{"timestamp":"2025-07-27T15:09:00.804845","level":"info","event":"\torg.apache.commons#commons-text;1.10.0 from central in [default]","logger":"airflow.task.hooks.airflow.providers.standard.hooks.subprocess.SubprocessHook"}
{"timestamp":"2025-07-27T15:09:00.804968","level":"info","event":"\torg.apache.curator#curator-client;4.2.0 from central in [default]","logger":"airflow.task.hooks.airflow.providers.standard.hooks.subprocess.SubprocessHook"}
{"timestamp":"2025-07-27T15:09:00.805090","level":"info","event":"\torg.apache.curator#curator-framework;4.2.0 from central in [default]","logger":"airflow.task.hooks.airflow.providers.standard.hooks.subprocess.SubprocessHook"}
{"timestamp":"2025-07-27T15:09:00.805221","level":"info","event":"\torg.apache.curator#curator-recipes;4.2.0 from central in [default]","logger":"airflow.task.hooks.airflow.providers.standard.hooks.subprocess.SubprocessHook"}
{"timestamp":"2025-07-27T15:09:00.805374","level":"info","event":"\torg.apache.hadoop#hadoop-annotations;3.3.5 from central in [default]","logger":"airflow.task.hooks.airflow.providers.standard.hooks.subprocess.SubprocessHook"}
{"timestamp":"2025-07-27T15:09:00.805640","level":"info","event":"\torg.apache.hadoop#hadoop-auth;3.3.5 from central in [default]","logger":"airflow.task.hooks.airflow.providers.standard.hooks.subprocess.SubprocessHook"}
{"timestamp":"2025-07-27T15:09:00.806124","level":"info","event":"\torg.apache.hadoop#hadoop-aws;3.3.5 from central in [default]","logger":"airflow.task.hooks.airflow.providers.standard.hooks.subprocess.SubprocessHook"}
{"timestamp":"2025-07-27T15:09:00.806507","level":"info","event":"\torg.apache.hadoop#hadoop-common;3.3.5 from central in [default]","logger":"airflow.task.hooks.airflow.providers.standard.hooks.subprocess.SubprocessHook"}
{"timestamp":"2025-07-27T15:09:00.806746","level":"info","event":"\torg.apache.hadoop.thirdparty#hadoop-shaded-guava;1.1.1 from central in [default]","logger":"airflow.task.hooks.airflow.providers.standard.hooks.subprocess.SubprocessHook"}
{"timestamp":"2025-07-27T15:09:00.806958","level":"info","event":"\torg.apache.hadoop.thirdparty#hadoop-shaded-protobuf_3_7;1.1.1 from central in [default]","logger":"airflow.task.hooks.airflow.providers.standard.hooks.subprocess.SubprocessHook"}
{"timestamp":"2025-07-27T15:09:00.807151","level":"info","event":"\torg.apache.httpcomponents#httpclient;4.5.13 from central in [default]","logger":"airflow.task.hooks.airflow.providers.standard.hooks.subprocess.SubprocessHook"}
{"timestamp":"2025-07-27T15:09:00.807380","level":"info","event":"\torg.apache.httpcomponents#httpcore;4.4.13 from central in [default]","logger":"airflow.task.hooks.airflow.providers.standard.hooks.subprocess.SubprocessHook"}
{"timestamp":"2025-07-27T15:09:00.807652","level":"info","event":"\torg.apache.kerby#kerb-admin;1.0.1 from central in [default]","logger":"airflow.task.hooks.airflow.providers.standard.hooks.subprocess.SubprocessHook"}
{"timestamp":"2025-07-27T15:09:00.808036","level":"info","event":"\torg.apache.kerby#kerb-client;1.0.1 from central in [default]","logger":"airflow.task.hooks.airflow.providers.standard.hooks.subprocess.SubprocessHook"}
{"timestamp":"2025-07-27T15:09:00.808197","level":"info","event":"\torg.apache.kerby#kerb-common;1.0.1 from central in [default]","logger":"airflow.task.hooks.airflow.providers.standard.hooks.subprocess.SubprocessHook"}
{"timestamp":"2025-07-27T15:09:00.808347","level":"info","event":"\torg.apache.kerby#kerb-core;1.0.1 from central in [default]","logger":"airflow.task.hooks.airflow.providers.standard.hooks.subprocess.SubprocessHook"}
{"timestamp":"2025-07-27T15:09:00.808462","level":"info","event":"\torg.apache.kerby#kerb-crypto;1.0.1 from central in [default]","logger":"airflow.task.hooks.airflow.providers.standard.hooks.subprocess.SubprocessHook"}
{"timestamp":"2025-07-27T15:09:00.808572","level":"info","event":"\torg.apache.kerby#kerb-identity;1.0.1 from central in [default]","logger":"airflow.task.hooks.airflow.providers.standard.hooks.subprocess.SubprocessHook"}
{"timestamp":"2025-07-27T15:09:00.808682","level":"info","event":"\torg.apache.kerby#kerb-server;1.0.1 from central in [default]","logger":"airflow.task.hooks.airflow.providers.standard.hooks.subprocess.SubprocessHook"}
{"timestamp":"2025-07-27T15:09:00.808788","level":"info","event":"\torg.apache.kerby#kerb-simplekdc;1.0.1 from central in [default]","logger":"airflow.task.hooks.airflow.providers.standard.hooks.subprocess.SubprocessHook"}
{"timestamp":"2025-07-27T15:09:00.808896","level":"info","event":"\torg.apache.kerby#kerb-util;1.0.1 from central in [default]","logger":"airflow.task.hooks.airflow.providers.standard.hooks.subprocess.SubprocessHook"}
{"timestamp":"2025-07-27T15:09:00.809007","level":"info","event":"\torg.apache.kerby#kerby-asn1;1.0.1 from central in [default]","logger":"airflow.task.hooks.airflow.providers.standard.hooks.subprocess.SubprocessHook"}
{"timestamp":"2025-07-27T15:09:00.809145","level":"info","event":"\torg.apache.kerby#kerby-config;1.0.1 from central in [default]","logger":"airflow.task.hooks.airflow.providers.standard.hooks.subprocess.SubprocessHook"}
{"timestamp":"2025-07-27T15:09:00.809259","level":"info","event":"\torg.apache.kerby#kerby-pkix;1.0.1 from central in [default]","logger":"airflow.task.hooks.airflow.providers.standard.hooks.subprocess.SubprocessHook"}
{"timestamp":"2025-07-27T15:09:00.809597","level":"info","event":"\torg.apache.kerby#kerby-util;1.0.1 from central in [default]","logger":"airflow.task.hooks.airflow.providers.standard.hooks.subprocess.SubprocessHook"}
{"timestamp":"2025-07-27T15:09:00.810141","level":"info","event":"\torg.apache.kerby#kerby-xdr;1.0.1 from central in [default]","logger":"airflow.task.hooks.airflow.providers.standard.hooks.subprocess.SubprocessHook"}
{"timestamp":"2025-07-27T15:09:00.811451","level":"info","event":"\torg.apache.kerby#token-provider;1.0.1 from central in [default]","logger":"airflow.task.hooks.airflow.providers.standard.hooks.subprocess.SubprocessHook"}
{"timestamp":"2025-07-27T15:09:00.812049","level":"info","event":"\torg.apache.yetus#audience-annotations;0.5.0 from central in [default]","logger":"airflow.task.hooks.airflow.providers.standard.hooks.subprocess.SubprocessHook"}
{"timestamp":"2025-07-27T15:09:00.812219","level":"info","event":"\torg.apache.zookeeper#zookeeper;3.5.6 from central in [default]","logger":"airflow.task.hooks.airflow.providers.standard.hooks.subprocess.SubprocessHook"}
{"timestamp":"2025-07-27T15:09:00.812341","level":"info","event":"\torg.apache.zookeeper#zookeeper-jute;3.5.6 from central in [default]","logger":"airflow.task.hooks.airflow.providers.standard.hooks.subprocess.SubprocessHook"}
{"timestamp":"2025-07-27T15:09:00.812454","level":"info","event":"\torg.checkerframework#checker-qual;2.5.2 from central in [default]","logger":"airflow.task.hooks.airflow.providers.standard.hooks.subprocess.SubprocessHook"}
{"timestamp":"2025-07-27T15:09:00.812671","level":"info","event":"\torg.codehaus.jackson#jackson-core-asl;1.9.13 from central in [default]","logger":"airflow.task.hooks.airflow.providers.standard.hooks.subprocess.SubprocessHook"}
{"timestamp":"2025-07-27T15:09:00.812888","level":"info","event":"\torg.codehaus.jackson#jackson-mapper-asl;1.9.13 from central in [default]","logger":"airflow.task.hooks.airflow.providers.standard.hooks.subprocess.SubprocessHook"}
{"timestamp":"2025-07-27T15:09:00.814350","level":"info","event":"\torg.codehaus.jettison#jettison;1.5.3 from central in [default]","logger":"airflow.task.hooks.airflow.providers.standard.hooks.subprocess.SubprocessHook"}
{"timestamp":"2025-07-27T15:09:00.814549","level":"info","event":"\torg.codehaus.mojo#animal-sniffer-annotations;1.17 from central in [default]","logger":"airflow.task.hooks.airflow.providers.standard.hooks.subprocess.SubprocessHook"}
{"timestamp":"2025-07-27T15:09:00.816332","level":"info","event":"\torg.codehaus.woodstox#stax2-api;4.2.1 from central in [default]","logger":"airflow.task.hooks.airflow.providers.standard.hooks.subprocess.SubprocessHook"}
{"timestamp":"2025-07-27T15:09:00.816572","level":"info","event":"\torg.eclipse.jetty#jetty-http;9.4.48.v20220622 from central in [default]","logger":"airflow.task.hooks.airflow.providers.standard.hooks.subprocess.SubprocessHook"}
{"timestamp":"2025-07-27T15:09:00.816721","level":"info","event":"\torg.eclipse.jetty#jetty-io;9.4.48.v20220622 from central in [default]","logger":"airflow.task.hooks.airflow.providers.standard.hooks.subprocess.SubprocessHook"}
{"timestamp":"2025-07-27T15:09:00.816854","level":"info","event":"\torg.eclipse.jetty#jetty-security;9.4.48.v20220622 from central in [default]","logger":"airflow.task.hooks.airflow.providers.standard.hooks.subprocess.SubprocessHook"}
{"timestamp":"2025-07-27T15:09:00.816965","level":"info","event":"\torg.eclipse.jetty#jetty-server;9.4.48.v20220622 from central in [default]","logger":"airflow.task.hooks.airflow.providers.standard.hooks.subprocess.SubprocessHook"}
{"timestamp":"2025-07-27T15:09:00.817069","level":"info","event":"\torg.eclipse.jetty#jetty-servlet;9.4.48.v20220622 from central in [default]","logger":"airflow.task.hooks.airflow.providers.standard.hooks.subprocess.SubprocessHook"}
{"timestamp":"2025-07-27T15:09:00.817169","level":"info","event":"\torg.eclipse.jetty#jetty-util;9.4.48.v20220622 from central in [default]","logger":"airflow.task.hooks.airflow.providers.standard.hooks.subprocess.SubprocessHook"}
{"timestamp":"2025-07-27T15:09:00.817271","level":"info","event":"\torg.eclipse.jetty#jetty-util-ajax;9.4.48.v20220622 from central in [default]","logger":"airflow.task.hooks.airflow.providers.standard.hooks.subprocess.SubprocessHook"}
{"timestamp":"2025-07-27T15:09:00.817372","level":"info","event":"\torg.eclipse.jetty#jetty-webapp;9.4.48.v20220622 from central in [default]","logger":"airflow.task.hooks.airflow.providers.standard.hooks.subprocess.SubprocessHook"}
{"timestamp":"2025-07-27T15:09:00.817477","level":"info","event":"\torg.eclipse.jetty#jetty-xml;9.4.48.v20220622 from central in [default]","logger":"airflow.task.hooks.airflow.providers.standard.hooks.subprocess.SubprocessHook"}
{"timestamp":"2025-07-27T15:09:00.817590","level":"info","event":"\torg.ow2.asm#asm;5.0.4 from central in [default]","logger":"airflow.task.hooks.airflow.providers.standard.hooks.subprocess.SubprocessHook"}
{"timestamp":"2025-07-27T15:09:00.817781","level":"info","event":"\torg.slf4j#slf4j-api;1.7.36 from central in [default]","logger":"airflow.task.hooks.airflow.providers.standard.hooks.subprocess.SubprocessHook"}
{"timestamp":"2025-07-27T15:09:00.817895","level":"info","event":"\torg.slf4j#slf4j-reload4j;1.7.36 from central in [default]","logger":"airflow.task.hooks.airflow.providers.standard.hooks.subprocess.SubprocessHook"}
{"timestamp":"2025-07-27T15:09:00.817999","level":"info","event":"\torg.wildfly.openssl#wildfly-openssl;1.1.3.Final from central in [default]","logger":"airflow.task.hooks.airflow.providers.standard.hooks.subprocess.SubprocessHook"}
{"timestamp":"2025-07-27T15:09:00.818101","level":"info","event":"\torg.xerial.snappy#snappy-java;1.1.8.2 from central in [default]","logger":"airflow.task.hooks.airflow.providers.standard.hooks.subprocess.SubprocessHook"}
{"timestamp":"2025-07-27T15:09:00.818204","level":"info","event":"\t---------------------------------------------------------------------","logger":"airflow.task.hooks.airflow.providers.standard.hooks.subprocess.SubprocessHook"}
{"timestamp":"2025-07-27T15:09:00.818307","level":"info","event":"\t|                  |            modules            ||   artifacts   |","logger":"airflow.task.hooks.airflow.providers.standard.hooks.subprocess.SubprocessHook"}
{"timestamp":"2025-07-27T15:09:00.818407","level":"info","event":"\t|       conf       | number| search|dwnlded|evicted|| number|dwnlded|","logger":"airflow.task.hooks.airflow.providers.standard.hooks.subprocess.SubprocessHook"}
{"timestamp":"2025-07-27T15:09:00.818504","level":"info","event":"\t---------------------------------------------------------------------","logger":"airflow.task.hooks.airflow.providers.standard.hooks.subprocess.SubprocessHook"}
{"timestamp":"2025-07-27T15:09:00.818621","level":"info","event":"\t|      default     |   93  |   0   |   0   |   0   ||   93  |   0   |","logger":"airflow.task.hooks.airflow.providers.standard.hooks.subprocess.SubprocessHook"}
{"timestamp":"2025-07-27T15:09:00.818735","level":"info","event":"\t---------------------------------------------------------------------","logger":"airflow.task.hooks.airflow.providers.standard.hooks.subprocess.SubprocessHook"}
{"timestamp":"2025-07-27T15:09:00.842864","level":"info","event":":: retrieving :: org.apache.spark#spark-submit-parent-70a8d478-9fe6-413b-8b8f-c0d4ce311ae1","logger":"airflow.task.hooks.airflow.providers.standard.hooks.subprocess.SubprocessHook"}
{"timestamp":"2025-07-27T15:09:00.843145","level":"info","event":"\tconfs: [default]","logger":"airflow.task.hooks.airflow.providers.standard.hooks.subprocess.SubprocessHook"}
{"timestamp":"2025-07-27T15:09:00.868566","level":"info","event":"\t0 artifacts copied, 93 already retrieved (0kB/26ms)","logger":"airflow.task.hooks.airflow.providers.standard.hooks.subprocess.SubprocessHook"}
{"timestamp":"2025-07-27T15:09:01.103761","level":"info","event":"25/07/27 15:09:01 WARN NativeCodeLoader: Unable to load native-hadoop library for your platform... using builtin-java classes where applicable","logger":"airflow.task.hooks.airflow.providers.standard.hooks.subprocess.SubprocessHook"}
{"timestamp":"2025-07-27T15:09:01.398177","level":"info","event":"Setting default log level to \"WARN\".","logger":"airflow.task.hooks.airflow.providers.standard.hooks.subprocess.SubprocessHook"}
{"timestamp":"2025-07-27T15:09:01.398459","level":"info","event":"To adjust logging level use sc.setLogLevel(newLevel). For SparkR, use setLogLevel(newLevel).","logger":"airflow.task.hooks.airflow.providers.standard.hooks.subprocess.SubprocessHook"}
{"timestamp":"2025-07-27T15:09:14.532219","level":"info","event":"25/07/27 15:09:14 WARN MetricsConfig: Cannot locate configuration: tried hadoop-metrics2-s3a-file-system.properties,hadoop-metrics2.properties","logger":"airflow.task.hooks.airflow.providers.standard.hooks.subprocess.SubprocessHook"}
{"timestamp":"2025-07-27T15:09:17.949786","level":"info","event":"\r[Stage 2:>                                                          (0 + 1) / 1]\r\r                                                                                \rSchedule:  20250728  hour= 00","logger":"airflow.task.hooks.airflow.providers.standard.hooks.subprocess.SubprocessHook"}
{"timestamp":"2025-07-27T15:09:17.950013","level":"info","event":"Read logs from Nginx...","logger":"airflow.task.hooks.airflow.providers.standard.hooks.subprocess.SubprocessHook"}
{"timestamp":"2025-07-27T15:09:17.950190","level":"info","event":"+---------------+---------+------------+------------+--------------------+-----------+-----------+--------------+--------------+-----------+------+--------------------+--------------------+-----------+","logger":"airflow.task.hooks.airflow.providers.standard.hooks.subprocess.SubprocessHook"}
{"timestamp":"2025-07-27T15:09:17.950343","level":"info","event":"|body_bytes_sent|     host|    hostname|http_referer|     http_user_agent|remote_addr|remote_user|       request|request_method|request_uri|status|        time_iso8601|          time_local|        uri|","logger":"airflow.task.hooks.airflow.providers.standard.hooks.subprocess.SubprocessHook"}
{"timestamp":"2025-07-27T15:09:17.950459","level":"info","event":"+---------------+---------+------------+------------+--------------------+-----------+-----------+--------------+--------------+-----------+------+--------------------+--------------------+-----------+","logger":"airflow.task.hooks.airflow.providers.standard.hooks.subprocess.SubprocessHook"}
{"timestamp":"2025-07-27T15:09:17.950571","level":"info","event":"|            615|localhost|605701da20f0|            |Mozilla/5.0 (Maci...| 172.18.0.1|           |GET / HTTP/1.1|           GET|          /|   200|2025-05-28T21:47:...|28/May/2025:21:47...|/index.html|","logger":"airflow.task.hooks.airflow.providers.standard.hooks.subprocess.SubprocessHook"}
{"timestamp":"2025-07-27T15:09:17.950668","level":"info","event":"+---------------+---------+------------+------------+--------------------+-----------+-----------+--------------+--------------+-----------+------+--------------------+--------------------+-----------+","logger":"airflow.task.hooks.airflow.providers.standard.hooks.subprocess.SubprocessHook"}
{"timestamp":"2025-07-27T15:09:17.950748","level":"info","event":"","logger":"airflow.task.hooks.airflow.providers.standard.hooks.subprocess.SubprocessHook"}
{"timestamp":"2025-07-27T15:09:17.950852","level":"info","event":"Parse to parquet and put into Minio...","logger":"airflow.task.hooks.airflow.providers.standard.hooks.subprocess.SubprocessHook"}
{"timestamp":"2025-07-27T15:09:17.950960","level":"info","event":"SUCCESSFULLY WRITE PARQUET TO MINIO!","logger":"airflow.task.hooks.airflow.providers.standard.hooks.subprocess.SubprocessHook"}
{"timestamp":"2025-07-27T15:09:18.388429","level":"info","event":"Command exited with return code 0","logger":"airflow.task.hooks.airflow.providers.standard.hooks.subprocess.SubprocessHook"}
{"timestamp":"2025-07-27T15:09:18.389214","level":"info","event":"Pushing xcom","ti":"RuntimeTaskInstance(id=UUID('01984c69-71d8-734e-9c86-d882384224ae'), task_id='run_log_pipeline_script', dag_id='run_external_script_hourly', run_id='scheduled__2025-07-27T15:00:00+00:00', try_number=2, map_index=-1, hostname='ad91d3bf683b', context_carrier={}, task=<Task(BashOperator): run_log_pipeline_script>, bundle_instance=LocalDagBundle(name=dags-folder), max_tries=1, start_date=datetime.datetime(2025, 7, 27, 15, 8, 55, 938863, tzinfo=TzInfo(UTC)), end_date=None, state=<TaskInstanceState.RUNNING: 'running'>, is_mapped=False, rendered_map_index=None)","logger":"task"}
