{"timestamp":"2025-07-27T16:00:01.929715","level":"info","event":"DAG bundles loaded: dags-folder","logger":"airflow.dag_processing.bundles.manager.DagBundlesManager"}
{"timestamp":"2025-07-27T16:00:01.931583","level":"info","event":"Filling up the DagBag from /opt/airflow/dags/hourly_logs_to_minio_run.py","logger":"airflow.models.dagbag.DagBag"}
{"timestamp":"2025-07-27T16:00:01.989032","level":"info","event":"Tmp dir root location: /tmp","logger":"airflow.task.hooks.airflow.providers.standard.hooks.subprocess.SubprocessHook"}
{"timestamp":"2025-07-27T16:00:01.991184","level":"info","event":"Running command: ['/usr/bin/bash', '-c', 'python /opt/airflow/dags/logs_to_minio.py']","logger":"airflow.task.hooks.airflow.providers.standard.hooks.subprocess.SubprocessHook"}
{"timestamp":"2025-07-27T16:00:02.007956","level":"info","event":"Output:","logger":"airflow.task.hooks.airflow.providers.standard.hooks.subprocess.SubprocessHook"}
{"timestamp":"2025-07-27T16:00:05.073020","level":"info","event":":: loading settings :: url = jar:file:/home/airflow/.local/lib/python3.12/site-packages/pyspark/jars/ivy-2.5.1.jar!/org/apache/ivy/core/settings/ivysettings.xml","logger":"airflow.task.hooks.airflow.providers.standard.hooks.subprocess.SubprocessHook"}
{"timestamp":"2025-07-27T16:00:05.169247","level":"info","event":"Ivy Default Cache set to: /home/airflow/.ivy2/cache","logger":"airflow.task.hooks.airflow.providers.standard.hooks.subprocess.SubprocessHook"}
{"timestamp":"2025-07-27T16:00:05.169605","level":"info","event":"The jars for the packages stored in: /home/airflow/.ivy2/jars","logger":"airflow.task.hooks.airflow.providers.standard.hooks.subprocess.SubprocessHook"}
{"timestamp":"2025-07-27T16:00:05.175086","level":"info","event":"org.apache.hadoop#hadoop-aws added as a dependency","logger":"airflow.task.hooks.airflow.providers.standard.hooks.subprocess.SubprocessHook"}
{"timestamp":"2025-07-27T16:00:05.175391","level":"info","event":"org.apache.hadoop#hadoop-common added as a dependency","logger":"airflow.task.hooks.airflow.providers.standard.hooks.subprocess.SubprocessHook"}
{"timestamp":"2025-07-27T16:00:05.176563","level":"info","event":":: resolving dependencies :: org.apache.spark#spark-submit-parent-24683850-147d-47cf-b965-dce8b00c6c2e;1.0","logger":"airflow.task.hooks.airflow.providers.standard.hooks.subprocess.SubprocessHook"}
{"timestamp":"2025-07-27T16:00:05.176785","level":"info","event":"\tconfs: [default]","logger":"airflow.task.hooks.airflow.providers.standard.hooks.subprocess.SubprocessHook"}
{"timestamp":"2025-07-27T16:00:05.388390","level":"info","event":"\tfound org.apache.hadoop#hadoop-aws;3.3.5 in central","logger":"airflow.task.hooks.airflow.providers.standard.hooks.subprocess.SubprocessHook"}
{"timestamp":"2025-07-27T16:00:05.419183","level":"info","event":"\tfound com.amazonaws#aws-java-sdk-bundle;1.12.316 in central","logger":"airflow.task.hooks.airflow.providers.standard.hooks.subprocess.SubprocessHook"}
{"timestamp":"2025-07-27T16:00:05.456526","level":"info","event":"\tfound org.wildfly.openssl#wildfly-openssl;1.1.3.Final in central","logger":"airflow.task.hooks.airflow.providers.standard.hooks.subprocess.SubprocessHook"}
{"timestamp":"2025-07-27T16:00:05.520958","level":"info","event":"\tfound org.apache.hadoop#hadoop-common;3.3.5 in central","logger":"airflow.task.hooks.airflow.providers.standard.hooks.subprocess.SubprocessHook"}
{"timestamp":"2025-07-27T16:00:05.600448","level":"info","event":"\tfound org.apache.hadoop.thirdparty#hadoop-shaded-protobuf_3_7;1.1.1 in central","logger":"airflow.task.hooks.airflow.providers.standard.hooks.subprocess.SubprocessHook"}
{"timestamp":"2025-07-27T16:00:05.651308","level":"info","event":"\tfound org.apache.hadoop#hadoop-annotations;3.3.5 in central","logger":"airflow.task.hooks.airflow.providers.standard.hooks.subprocess.SubprocessHook"}
{"timestamp":"2025-07-27T16:00:05.709949","level":"info","event":"\tfound org.apache.hadoop.thirdparty#hadoop-shaded-guava;1.1.1 in central","logger":"airflow.task.hooks.airflow.providers.standard.hooks.subprocess.SubprocessHook"}
{"timestamp":"2025-07-27T16:00:05.747548","level":"info","event":"\tfound com.google.guava#guava;27.0-jre in central","logger":"airflow.task.hooks.airflow.providers.standard.hooks.subprocess.SubprocessHook"}
{"timestamp":"2025-07-27T16:00:05.774142","level":"info","event":"\tfound com.google.guava#failureaccess;1.0 in central","logger":"airflow.task.hooks.airflow.providers.standard.hooks.subprocess.SubprocessHook"}
{"timestamp":"2025-07-27T16:00:05.807770","level":"info","event":"\tfound com.google.guava#listenablefuture;9999.0-empty-to-avoid-conflict-with-guava in central","logger":"airflow.task.hooks.airflow.providers.standard.hooks.subprocess.SubprocessHook"}
{"timestamp":"2025-07-27T16:00:05.838682","level":"info","event":"\tfound com.google.code.findbugs#jsr305;3.0.2 in central","logger":"airflow.task.hooks.airflow.providers.standard.hooks.subprocess.SubprocessHook"}
{"timestamp":"2025-07-27T16:00:05.864596","level":"info","event":"\tfound org.checkerframework#checker-qual;2.5.2 in central","logger":"airflow.task.hooks.airflow.providers.standard.hooks.subprocess.SubprocessHook"}
{"timestamp":"2025-07-27T16:00:05.898519","level":"info","event":"\tfound com.google.j2objc#j2objc-annotations;1.1 in central","logger":"airflow.task.hooks.airflow.providers.standard.hooks.subprocess.SubprocessHook"}
{"timestamp":"2025-07-27T16:00:05.919083","level":"info","event":"\tfound org.codehaus.mojo#animal-sniffer-annotations;1.17 in central","logger":"airflow.task.hooks.airflow.providers.standard.hooks.subprocess.SubprocessHook"}
{"timestamp":"2025-07-27T16:00:05.947137","level":"info","event":"\tfound commons-cli#commons-cli;1.2 in central","logger":"airflow.task.hooks.airflow.providers.standard.hooks.subprocess.SubprocessHook"}
{"timestamp":"2025-07-27T16:00:05.972044","level":"info","event":"\tfound org.apache.commons#commons-math3;3.1.1 in central","logger":"airflow.task.hooks.airflow.providers.standard.hooks.subprocess.SubprocessHook"}
{"timestamp":"2025-07-27T16:00:06.001218","level":"info","event":"\tfound org.apache.httpcomponents#httpclient;4.5.13 in central","logger":"airflow.task.hooks.airflow.providers.standard.hooks.subprocess.SubprocessHook"}
{"timestamp":"2025-07-27T16:00:06.024507","level":"info","event":"\tfound org.apache.httpcomponents#httpcore;4.4.13 in central","logger":"airflow.task.hooks.airflow.providers.standard.hooks.subprocess.SubprocessHook"}
{"timestamp":"2025-07-27T16:00:06.048014","level":"info","event":"\tfound commons-logging#commons-logging;1.1.3 in central","logger":"airflow.task.hooks.airflow.providers.standard.hooks.subprocess.SubprocessHook"}
{"timestamp":"2025-07-27T16:00:06.067623","level":"info","event":"\tfound commons-codec#commons-codec;1.15 in central","logger":"airflow.task.hooks.airflow.providers.standard.hooks.subprocess.SubprocessHook"}
{"timestamp":"2025-07-27T16:00:06.083195","level":"info","event":"\tfound commons-io#commons-io;2.8.0 in central","logger":"airflow.task.hooks.airflow.providers.standard.hooks.subprocess.SubprocessHook"}
{"timestamp":"2025-07-27T16:00:06.113203","level":"info","event":"\tfound commons-net#commons-net;3.9.0 in central","logger":"airflow.task.hooks.airflow.providers.standard.hooks.subprocess.SubprocessHook"}
{"timestamp":"2025-07-27T16:00:06.132248","level":"info","event":"\tfound commons-collections#commons-collections;3.2.2 in central","logger":"airflow.task.hooks.airflow.providers.standard.hooks.subprocess.SubprocessHook"}
{"timestamp":"2025-07-27T16:00:06.148562","level":"info","event":"\tfound javax.servlet#javax.servlet-api;3.1.0 in central","logger":"airflow.task.hooks.airflow.providers.standard.hooks.subprocess.SubprocessHook"}
{"timestamp":"2025-07-27T16:00:06.178731","level":"info","event":"\tfound org.eclipse.jetty#jetty-server;9.4.48.v20220622 in central","logger":"airflow.task.hooks.airflow.providers.standard.hooks.subprocess.SubprocessHook"}
{"timestamp":"2025-07-27T16:00:06.211930","level":"info","event":"\tfound org.eclipse.jetty#jetty-http;9.4.48.v20220622 in central","logger":"airflow.task.hooks.airflow.providers.standard.hooks.subprocess.SubprocessHook"}
{"timestamp":"2025-07-27T16:00:06.241928","level":"info","event":"\tfound org.eclipse.jetty#jetty-util;9.4.48.v20220622 in central","logger":"airflow.task.hooks.airflow.providers.standard.hooks.subprocess.SubprocessHook"}
{"timestamp":"2025-07-27T16:00:06.268910","level":"info","event":"\tfound org.eclipse.jetty#jetty-io;9.4.48.v20220622 in central","logger":"airflow.task.hooks.airflow.providers.standard.hooks.subprocess.SubprocessHook"}
{"timestamp":"2025-07-27T16:00:06.296748","level":"info","event":"\tfound org.eclipse.jetty#jetty-servlet;9.4.48.v20220622 in central","logger":"airflow.task.hooks.airflow.providers.standard.hooks.subprocess.SubprocessHook"}
{"timestamp":"2025-07-27T16:00:06.327199","level":"info","event":"\tfound org.eclipse.jetty#jetty-security;9.4.48.v20220622 in central","logger":"airflow.task.hooks.airflow.providers.standard.hooks.subprocess.SubprocessHook"}
{"timestamp":"2025-07-27T16:00:06.348258","level":"info","event":"\tfound org.eclipse.jetty#jetty-util-ajax;9.4.48.v20220622 in central","logger":"airflow.task.hooks.airflow.providers.standard.hooks.subprocess.SubprocessHook"}
{"timestamp":"2025-07-27T16:00:06.367983","level":"info","event":"\tfound org.eclipse.jetty#jetty-webapp;9.4.48.v20220622 in central","logger":"airflow.task.hooks.airflow.providers.standard.hooks.subprocess.SubprocessHook"}
{"timestamp":"2025-07-27T16:00:06.385779","level":"info","event":"\tfound org.eclipse.jetty#jetty-xml;9.4.48.v20220622 in central","logger":"airflow.task.hooks.airflow.providers.standard.hooks.subprocess.SubprocessHook"}
{"timestamp":"2025-07-27T16:00:06.397363","level":"info","event":"\tfound com.sun.jersey#jersey-core;1.19.4 in central","logger":"airflow.task.hooks.airflow.providers.standard.hooks.subprocess.SubprocessHook"}
{"timestamp":"2025-07-27T16:00:06.413368","level":"info","event":"\tfound javax.ws.rs#jsr311-api;1.1.1 in central","logger":"airflow.task.hooks.airflow.providers.standard.hooks.subprocess.SubprocessHook"}
{"timestamp":"2025-07-27T16:00:06.431734","level":"info","event":"\tfound com.sun.jersey#jersey-servlet;1.19.4 in central","logger":"airflow.task.hooks.airflow.providers.standard.hooks.subprocess.SubprocessHook"}
{"timestamp":"2025-07-27T16:00:06.447622","level":"info","event":"\tfound com.sun.jersey#jersey-server;1.19.4 in central","logger":"airflow.task.hooks.airflow.providers.standard.hooks.subprocess.SubprocessHook"}
{"timestamp":"2025-07-27T16:00:06.464650","level":"info","event":"\tfound com.github.pjfanning#jersey-json;1.20 in central","logger":"airflow.task.hooks.airflow.providers.standard.hooks.subprocess.SubprocessHook"}
{"timestamp":"2025-07-27T16:00:06.480907","level":"info","event":"\tfound org.codehaus.jettison#jettison;1.5.3 in central","logger":"airflow.task.hooks.airflow.providers.standard.hooks.subprocess.SubprocessHook"}
{"timestamp":"2025-07-27T16:00:06.502128","level":"info","event":"\tfound com.sun.xml.bind#jaxb-impl;2.2.3-1 in central","logger":"airflow.task.hooks.airflow.providers.standard.hooks.subprocess.SubprocessHook"}
{"timestamp":"2025-07-27T16:00:06.517122","level":"info","event":"\tfound javax.xml.bind#jaxb-api;2.2.11 in central","logger":"airflow.task.hooks.airflow.providers.standard.hooks.subprocess.SubprocessHook"}
{"timestamp":"2025-07-27T16:00:06.534481","level":"info","event":"\tfound ch.qos.reload4j#reload4j;1.2.22 in central","logger":"airflow.task.hooks.airflow.providers.standard.hooks.subprocess.SubprocessHook"}
{"timestamp":"2025-07-27T16:00:06.546205","level":"info","event":"\tfound commons-beanutils#commons-beanutils;1.9.4 in central","logger":"airflow.task.hooks.airflow.providers.standard.hooks.subprocess.SubprocessHook"}
{"timestamp":"2025-07-27T16:00:06.563580","level":"info","event":"\tfound org.apache.commons#commons-configuration2;2.8.0 in central","logger":"airflow.task.hooks.airflow.providers.standard.hooks.subprocess.SubprocessHook"}
{"timestamp":"2025-07-27T16:00:06.578361","level":"info","event":"\tfound org.apache.commons#commons-text;1.10.0 in central","logger":"airflow.task.hooks.airflow.providers.standard.hooks.subprocess.SubprocessHook"}
{"timestamp":"2025-07-27T16:00:06.600584","level":"info","event":"\tfound org.apache.commons#commons-lang3;3.12.0 in central","logger":"airflow.task.hooks.airflow.providers.standard.hooks.subprocess.SubprocessHook"}
{"timestamp":"2025-07-27T16:00:06.625650","level":"info","event":"\tfound org.slf4j#slf4j-api;1.7.36 in central","logger":"airflow.task.hooks.airflow.providers.standard.hooks.subprocess.SubprocessHook"}
{"timestamp":"2025-07-27T16:00:06.645297","level":"info","event":"\tfound org.slf4j#slf4j-reload4j;1.7.36 in central","logger":"airflow.task.hooks.airflow.providers.standard.hooks.subprocess.SubprocessHook"}
{"timestamp":"2025-07-27T16:00:06.662507","level":"info","event":"\tfound org.apache.avro#avro;1.7.7 in central","logger":"airflow.task.hooks.airflow.providers.standard.hooks.subprocess.SubprocessHook"}
{"timestamp":"2025-07-27T16:00:06.680776","level":"info","event":"\tfound org.codehaus.jackson#jackson-core-asl;1.9.13 in central","logger":"airflow.task.hooks.airflow.providers.standard.hooks.subprocess.SubprocessHook"}
{"timestamp":"2025-07-27T16:00:06.707681","level":"info","event":"\tfound org.codehaus.jackson#jackson-mapper-asl;1.9.13 in central","logger":"airflow.task.hooks.airflow.providers.standard.hooks.subprocess.SubprocessHook"}
{"timestamp":"2025-07-27T16:00:06.734679","level":"info","event":"\tfound com.thoughtworks.paranamer#paranamer;2.3 in central","logger":"airflow.task.hooks.airflow.providers.standard.hooks.subprocess.SubprocessHook"}
{"timestamp":"2025-07-27T16:00:06.754225","level":"info","event":"\tfound org.xerial.snappy#snappy-java;1.1.8.2 in central","logger":"airflow.task.hooks.airflow.providers.standard.hooks.subprocess.SubprocessHook"}
{"timestamp":"2025-07-27T16:00:06.776142","level":"info","event":"\tfound org.apache.commons#commons-compress;1.21 in central","logger":"airflow.task.hooks.airflow.providers.standard.hooks.subprocess.SubprocessHook"}
{"timestamp":"2025-07-27T16:00:06.797657","level":"info","event":"\tfound com.google.re2j#re2j;1.1 in central","logger":"airflow.task.hooks.airflow.providers.standard.hooks.subprocess.SubprocessHook"}
{"timestamp":"2025-07-27T16:00:06.812314","level":"info","event":"\tfound com.google.protobuf#protobuf-java;2.5.0 in central","logger":"airflow.task.hooks.airflow.providers.standard.hooks.subprocess.SubprocessHook"}
{"timestamp":"2025-07-27T16:00:06.828775","level":"info","event":"\tfound com.google.code.gson#gson;2.9.0 in central","logger":"airflow.task.hooks.airflow.providers.standard.hooks.subprocess.SubprocessHook"}
{"timestamp":"2025-07-27T16:00:06.857901","level":"info","event":"\tfound org.apache.hadoop#hadoop-auth;3.3.5 in central","logger":"airflow.task.hooks.airflow.providers.standard.hooks.subprocess.SubprocessHook"}
{"timestamp":"2025-07-27T16:00:06.878692","level":"info","event":"\tfound com.nimbusds#nimbus-jose-jwt;9.8.1 in central","logger":"airflow.task.hooks.airflow.providers.standard.hooks.subprocess.SubprocessHook"}
{"timestamp":"2025-07-27T16:00:06.896001","level":"info","event":"\tfound com.github.stephenc.jcip#jcip-annotations;1.0-1 in central","logger":"airflow.task.hooks.airflow.providers.standard.hooks.subprocess.SubprocessHook"}
{"timestamp":"2025-07-27T16:00:06.913266","level":"info","event":"\tfound net.minidev#json-smart;2.4.7 in central","logger":"airflow.task.hooks.airflow.providers.standard.hooks.subprocess.SubprocessHook"}
{"timestamp":"2025-07-27T16:00:06.926228","level":"info","event":"\tfound net.minidev#accessors-smart;2.4.7 in central","logger":"airflow.task.hooks.airflow.providers.standard.hooks.subprocess.SubprocessHook"}
{"timestamp":"2025-07-27T16:00:06.941333","level":"info","event":"\tfound org.ow2.asm#asm;5.0.4 in central","logger":"airflow.task.hooks.airflow.providers.standard.hooks.subprocess.SubprocessHook"}
{"timestamp":"2025-07-27T16:00:06.967682","level":"info","event":"\tfound org.apache.zookeeper#zookeeper;3.5.6 in central","logger":"airflow.task.hooks.airflow.providers.standard.hooks.subprocess.SubprocessHook"}
{"timestamp":"2025-07-27T16:00:06.994783","level":"info","event":"\tfound org.apache.zookeeper#zookeeper-jute;3.5.6 in central","logger":"airflow.task.hooks.airflow.providers.standard.hooks.subprocess.SubprocessHook"}
{"timestamp":"2025-07-27T16:00:07.015370","level":"info","event":"\tfound org.apache.yetus#audience-annotations;0.5.0 in central","logger":"airflow.task.hooks.airflow.providers.standard.hooks.subprocess.SubprocessHook"}
{"timestamp":"2025-07-27T16:00:07.035148","level":"info","event":"\tfound org.apache.curator#curator-framework;4.2.0 in central","logger":"airflow.task.hooks.airflow.providers.standard.hooks.subprocess.SubprocessHook"}
{"timestamp":"2025-07-27T16:00:07.052677","level":"info","event":"\tfound org.apache.curator#curator-client;4.2.0 in central","logger":"airflow.task.hooks.airflow.providers.standard.hooks.subprocess.SubprocessHook"}
{"timestamp":"2025-07-27T16:00:07.068519","level":"info","event":"\tfound org.apache.kerby#kerb-simplekdc;1.0.1 in central","logger":"airflow.task.hooks.airflow.providers.standard.hooks.subprocess.SubprocessHook"}
{"timestamp":"2025-07-27T16:00:07.080105","level":"info","event":"\tfound org.apache.kerby#kerb-client;1.0.1 in central","logger":"airflow.task.hooks.airflow.providers.standard.hooks.subprocess.SubprocessHook"}
{"timestamp":"2025-07-27T16:00:07.095558","level":"info","event":"\tfound org.apache.kerby#kerby-config;1.0.1 in central","logger":"airflow.task.hooks.airflow.providers.standard.hooks.subprocess.SubprocessHook"}
{"timestamp":"2025-07-27T16:00:07.113059","level":"info","event":"\tfound org.apache.kerby#kerb-core;1.0.1 in central","logger":"airflow.task.hooks.airflow.providers.standard.hooks.subprocess.SubprocessHook"}
{"timestamp":"2025-07-27T16:00:07.132238","level":"info","event":"\tfound org.apache.kerby#kerby-pkix;1.0.1 in central","logger":"airflow.task.hooks.airflow.providers.standard.hooks.subprocess.SubprocessHook"}
{"timestamp":"2025-07-27T16:00:07.150066","level":"info","event":"\tfound org.apache.kerby#kerby-asn1;1.0.1 in central","logger":"airflow.task.hooks.airflow.providers.standard.hooks.subprocess.SubprocessHook"}
{"timestamp":"2025-07-27T16:00:07.161004","level":"info","event":"\tfound org.apache.kerby#kerby-util;1.0.1 in central","logger":"airflow.task.hooks.airflow.providers.standard.hooks.subprocess.SubprocessHook"}
{"timestamp":"2025-07-27T16:00:07.174268","level":"info","event":"\tfound org.apache.kerby#kerb-common;1.0.1 in central","logger":"airflow.task.hooks.airflow.providers.standard.hooks.subprocess.SubprocessHook"}
{"timestamp":"2025-07-27T16:00:07.190389","level":"info","event":"\tfound org.apache.kerby#kerb-crypto;1.0.1 in central","logger":"airflow.task.hooks.airflow.providers.standard.hooks.subprocess.SubprocessHook"}
{"timestamp":"2025-07-27T16:00:07.214708","level":"info","event":"\tfound org.apache.kerby#kerb-util;1.0.1 in central","logger":"airflow.task.hooks.airflow.providers.standard.hooks.subprocess.SubprocessHook"}
{"timestamp":"2025-07-27T16:00:07.230313","level":"info","event":"\tfound org.apache.kerby#token-provider;1.0.1 in central","logger":"airflow.task.hooks.airflow.providers.standard.hooks.subprocess.SubprocessHook"}
{"timestamp":"2025-07-27T16:00:07.248609","level":"info","event":"\tfound org.apache.kerby#kerb-admin;1.0.1 in central","logger":"airflow.task.hooks.airflow.providers.standard.hooks.subprocess.SubprocessHook"}
{"timestamp":"2025-07-27T16:00:07.262407","level":"info","event":"\tfound org.apache.kerby#kerb-server;1.0.1 in central","logger":"airflow.task.hooks.airflow.providers.standard.hooks.subprocess.SubprocessHook"}
{"timestamp":"2025-07-27T16:00:07.277684","level":"info","event":"\tfound org.apache.kerby#kerb-identity;1.0.1 in central","logger":"airflow.task.hooks.airflow.providers.standard.hooks.subprocess.SubprocessHook"}
{"timestamp":"2025-07-27T16:00:07.291788","level":"info","event":"\tfound org.apache.kerby#kerby-xdr;1.0.1 in central","logger":"airflow.task.hooks.airflow.providers.standard.hooks.subprocess.SubprocessHook"}
{"timestamp":"2025-07-27T16:00:07.314269","level":"info","event":"\tfound com.jcraft#jsch;0.1.55 in central","logger":"airflow.task.hooks.airflow.providers.standard.hooks.subprocess.SubprocessHook"}
{"timestamp":"2025-07-27T16:00:07.331866","level":"info","event":"\tfound org.apache.curator#curator-recipes;4.2.0 in central","logger":"airflow.task.hooks.airflow.providers.standard.hooks.subprocess.SubprocessHook"}
{"timestamp":"2025-07-27T16:00:07.347497","level":"info","event":"\tfound com.fasterxml.jackson.core#jackson-databind;2.12.7.1 in central","logger":"airflow.task.hooks.airflow.providers.standard.hooks.subprocess.SubprocessHook"}
{"timestamp":"2025-07-27T16:00:07.359751","level":"info","event":"\tfound com.fasterxml.jackson.core#jackson-annotations;2.12.7 in central","logger":"airflow.task.hooks.airflow.providers.standard.hooks.subprocess.SubprocessHook"}
{"timestamp":"2025-07-27T16:00:07.374306","level":"info","event":"\tfound com.fasterxml.jackson.core#jackson-core;2.12.7 in central","logger":"airflow.task.hooks.airflow.providers.standard.hooks.subprocess.SubprocessHook"}
{"timestamp":"2025-07-27T16:00:07.384296","level":"info","event":"\tfound org.codehaus.woodstox#stax2-api;4.2.1 in central","logger":"airflow.task.hooks.airflow.providers.standard.hooks.subprocess.SubprocessHook"}
{"timestamp":"2025-07-27T16:00:07.394167","level":"info","event":"\tfound com.fasterxml.woodstox#woodstox-core;5.4.0 in central","logger":"airflow.task.hooks.airflow.providers.standard.hooks.subprocess.SubprocessHook"}
{"timestamp":"2025-07-27T16:00:07.403042","level":"info","event":"\tfound dnsjava#dnsjava;2.1.7 in central","logger":"airflow.task.hooks.airflow.providers.standard.hooks.subprocess.SubprocessHook"}
{"timestamp":"2025-07-27T16:00:07.417923","level":"info","event":"\tfound jakarta.activation#jakarta.activation-api;1.2.1 in central","logger":"airflow.task.hooks.airflow.providers.standard.hooks.subprocess.SubprocessHook"}
{"timestamp":"2025-07-27T16:00:07.433915","level":"info","event":"\tfound javax.servlet.jsp#jsp-api;2.1 in central","logger":"airflow.task.hooks.airflow.providers.standard.hooks.subprocess.SubprocessHook"}
{"timestamp":"2025-07-27T16:00:07.524865","level":"info","event":":: resolution report :: resolve 2282ms :: artifacts dl 66ms","logger":"airflow.task.hooks.airflow.providers.standard.hooks.subprocess.SubprocessHook"}
{"timestamp":"2025-07-27T16:00:07.525238","level":"info","event":"\t:: modules in use:","logger":"airflow.task.hooks.airflow.providers.standard.hooks.subprocess.SubprocessHook"}
{"timestamp":"2025-07-27T16:00:07.525782","level":"info","event":"\tch.qos.reload4j#reload4j;1.2.22 from central in [default]","logger":"airflow.task.hooks.airflow.providers.standard.hooks.subprocess.SubprocessHook"}
{"timestamp":"2025-07-27T16:00:07.526253","level":"info","event":"\tcom.amazonaws#aws-java-sdk-bundle;1.12.316 from central in [default]","logger":"airflow.task.hooks.airflow.providers.standard.hooks.subprocess.SubprocessHook"}
{"timestamp":"2025-07-27T16:00:07.526447","level":"info","event":"\tcom.fasterxml.jackson.core#jackson-annotations;2.12.7 from central in [default]","logger":"airflow.task.hooks.airflow.providers.standard.hooks.subprocess.SubprocessHook"}
{"timestamp":"2025-07-27T16:00:07.526624","level":"info","event":"\tcom.fasterxml.jackson.core#jackson-core;2.12.7 from central in [default]","logger":"airflow.task.hooks.airflow.providers.standard.hooks.subprocess.SubprocessHook"}
{"timestamp":"2025-07-27T16:00:07.526774","level":"info","event":"\tcom.fasterxml.jackson.core#jackson-databind;2.12.7.1 from central in [default]","logger":"airflow.task.hooks.airflow.providers.standard.hooks.subprocess.SubprocessHook"}
{"timestamp":"2025-07-27T16:00:07.528176","level":"info","event":"\tcom.fasterxml.woodstox#woodstox-core;5.4.0 from central in [default]","logger":"airflow.task.hooks.airflow.providers.standard.hooks.subprocess.SubprocessHook"}
{"timestamp":"2025-07-27T16:00:07.528400","level":"info","event":"\tcom.github.pjfanning#jersey-json;1.20 from central in [default]","logger":"airflow.task.hooks.airflow.providers.standard.hooks.subprocess.SubprocessHook"}
{"timestamp":"2025-07-27T16:00:07.528596","level":"info","event":"\tcom.github.stephenc.jcip#jcip-annotations;1.0-1 from central in [default]","logger":"airflow.task.hooks.airflow.providers.standard.hooks.subprocess.SubprocessHook"}
{"timestamp":"2025-07-27T16:00:07.528794","level":"info","event":"\tcom.google.code.findbugs#jsr305;3.0.2 from central in [default]","logger":"airflow.task.hooks.airflow.providers.standard.hooks.subprocess.SubprocessHook"}
{"timestamp":"2025-07-27T16:00:07.528999","level":"info","event":"\tcom.google.code.gson#gson;2.9.0 from central in [default]","logger":"airflow.task.hooks.airflow.providers.standard.hooks.subprocess.SubprocessHook"}
{"timestamp":"2025-07-27T16:00:07.529148","level":"info","event":"\tcom.google.guava#failureaccess;1.0 from central in [default]","logger":"airflow.task.hooks.airflow.providers.standard.hooks.subprocess.SubprocessHook"}
{"timestamp":"2025-07-27T16:00:07.529293","level":"info","event":"\tcom.google.guava#guava;27.0-jre from central in [default]","logger":"airflow.task.hooks.airflow.providers.standard.hooks.subprocess.SubprocessHook"}
{"timestamp":"2025-07-27T16:00:07.529418","level":"info","event":"\tcom.google.guava#listenablefuture;9999.0-empty-to-avoid-conflict-with-guava from central in [default]","logger":"airflow.task.hooks.airflow.providers.standard.hooks.subprocess.SubprocessHook"}
{"timestamp":"2025-07-27T16:00:07.529542","level":"info","event":"\tcom.google.j2objc#j2objc-annotations;1.1 from central in [default]","logger":"airflow.task.hooks.airflow.providers.standard.hooks.subprocess.SubprocessHook"}
{"timestamp":"2025-07-27T16:00:07.529663","level":"info","event":"\tcom.google.protobuf#protobuf-java;2.5.0 from central in [default]","logger":"airflow.task.hooks.airflow.providers.standard.hooks.subprocess.SubprocessHook"}
{"timestamp":"2025-07-27T16:00:07.529787","level":"info","event":"\tcom.google.re2j#re2j;1.1 from central in [default]","logger":"airflow.task.hooks.airflow.providers.standard.hooks.subprocess.SubprocessHook"}
{"timestamp":"2025-07-27T16:00:07.529936","level":"info","event":"\tcom.jcraft#jsch;0.1.55 from central in [default]","logger":"airflow.task.hooks.airflow.providers.standard.hooks.subprocess.SubprocessHook"}
{"timestamp":"2025-07-27T16:00:07.530060","level":"info","event":"\tcom.nimbusds#nimbus-jose-jwt;9.8.1 from central in [default]","logger":"airflow.task.hooks.airflow.providers.standard.hooks.subprocess.SubprocessHook"}
{"timestamp":"2025-07-27T16:00:07.530204","level":"info","event":"\tcom.sun.jersey#jersey-core;1.19.4 from central in [default]","logger":"airflow.task.hooks.airflow.providers.standard.hooks.subprocess.SubprocessHook"}
{"timestamp":"2025-07-27T16:00:07.530330","level":"info","event":"\tcom.sun.jersey#jersey-server;1.19.4 from central in [default]","logger":"airflow.task.hooks.airflow.providers.standard.hooks.subprocess.SubprocessHook"}
{"timestamp":"2025-07-27T16:00:07.530441","level":"info","event":"\tcom.sun.jersey#jersey-servlet;1.19.4 from central in [default]","logger":"airflow.task.hooks.airflow.providers.standard.hooks.subprocess.SubprocessHook"}
{"timestamp":"2025-07-27T16:00:07.530555","level":"info","event":"\tcom.sun.xml.bind#jaxb-impl;2.2.3-1 from central in [default]","logger":"airflow.task.hooks.airflow.providers.standard.hooks.subprocess.SubprocessHook"}
{"timestamp":"2025-07-27T16:00:07.530663","level":"info","event":"\tcom.thoughtworks.paranamer#paranamer;2.3 from central in [default]","logger":"airflow.task.hooks.airflow.providers.standard.hooks.subprocess.SubprocessHook"}
{"timestamp":"2025-07-27T16:00:07.530771","level":"info","event":"\tcommons-beanutils#commons-beanutils;1.9.4 from central in [default]","logger":"airflow.task.hooks.airflow.providers.standard.hooks.subprocess.SubprocessHook"}
{"timestamp":"2025-07-27T16:00:07.530883","level":"info","event":"\tcommons-cli#commons-cli;1.2 from central in [default]","logger":"airflow.task.hooks.airflow.providers.standard.hooks.subprocess.SubprocessHook"}
{"timestamp":"2025-07-27T16:00:07.531026","level":"info","event":"\tcommons-codec#commons-codec;1.15 from central in [default]","logger":"airflow.task.hooks.airflow.providers.standard.hooks.subprocess.SubprocessHook"}
{"timestamp":"2025-07-27T16:00:07.531159","level":"info","event":"\tcommons-collections#commons-collections;3.2.2 from central in [default]","logger":"airflow.task.hooks.airflow.providers.standard.hooks.subprocess.SubprocessHook"}
{"timestamp":"2025-07-27T16:00:07.531273","level":"info","event":"\tcommons-io#commons-io;2.8.0 from central in [default]","logger":"airflow.task.hooks.airflow.providers.standard.hooks.subprocess.SubprocessHook"}
{"timestamp":"2025-07-27T16:00:07.531379","level":"info","event":"\tcommons-logging#commons-logging;1.1.3 from central in [default]","logger":"airflow.task.hooks.airflow.providers.standard.hooks.subprocess.SubprocessHook"}
{"timestamp":"2025-07-27T16:00:07.531490","level":"info","event":"\tcommons-net#commons-net;3.9.0 from central in [default]","logger":"airflow.task.hooks.airflow.providers.standard.hooks.subprocess.SubprocessHook"}
{"timestamp":"2025-07-27T16:00:07.531594","level":"info","event":"\tdnsjava#dnsjava;2.1.7 from central in [default]","logger":"airflow.task.hooks.airflow.providers.standard.hooks.subprocess.SubprocessHook"}
{"timestamp":"2025-07-27T16:00:07.531696","level":"info","event":"\tjakarta.activation#jakarta.activation-api;1.2.1 from central in [default]","logger":"airflow.task.hooks.airflow.providers.standard.hooks.subprocess.SubprocessHook"}
{"timestamp":"2025-07-27T16:00:07.531800","level":"info","event":"\tjavax.servlet#javax.servlet-api;3.1.0 from central in [default]","logger":"airflow.task.hooks.airflow.providers.standard.hooks.subprocess.SubprocessHook"}
{"timestamp":"2025-07-27T16:00:07.531931","level":"info","event":"\tjavax.servlet.jsp#jsp-api;2.1 from central in [default]","logger":"airflow.task.hooks.airflow.providers.standard.hooks.subprocess.SubprocessHook"}
{"timestamp":"2025-07-27T16:00:07.532044","level":"info","event":"\tjavax.ws.rs#jsr311-api;1.1.1 from central in [default]","logger":"airflow.task.hooks.airflow.providers.standard.hooks.subprocess.SubprocessHook"}
{"timestamp":"2025-07-27T16:00:07.532149","level":"info","event":"\tjavax.xml.bind#jaxb-api;2.2.11 from central in [default]","logger":"airflow.task.hooks.airflow.providers.standard.hooks.subprocess.SubprocessHook"}
{"timestamp":"2025-07-27T16:00:07.532258","level":"info","event":"\tnet.minidev#accessors-smart;2.4.7 from central in [default]","logger":"airflow.task.hooks.airflow.providers.standard.hooks.subprocess.SubprocessHook"}
{"timestamp":"2025-07-27T16:00:07.532361","level":"info","event":"\tnet.minidev#json-smart;2.4.7 from central in [default]","logger":"airflow.task.hooks.airflow.providers.standard.hooks.subprocess.SubprocessHook"}
{"timestamp":"2025-07-27T16:00:07.532464","level":"info","event":"\torg.apache.avro#avro;1.7.7 from central in [default]","logger":"airflow.task.hooks.airflow.providers.standard.hooks.subprocess.SubprocessHook"}
{"timestamp":"2025-07-27T16:00:07.532567","level":"info","event":"\torg.apache.commons#commons-compress;1.21 from central in [default]","logger":"airflow.task.hooks.airflow.providers.standard.hooks.subprocess.SubprocessHook"}
{"timestamp":"2025-07-27T16:00:07.532670","level":"info","event":"\torg.apache.commons#commons-configuration2;2.8.0 from central in [default]","logger":"airflow.task.hooks.airflow.providers.standard.hooks.subprocess.SubprocessHook"}
{"timestamp":"2025-07-27T16:00:07.532773","level":"info","event":"\torg.apache.commons#commons-lang3;3.12.0 from central in [default]","logger":"airflow.task.hooks.airflow.providers.standard.hooks.subprocess.SubprocessHook"}
{"timestamp":"2025-07-27T16:00:07.532879","level":"info","event":"\torg.apache.commons#commons-math3;3.1.1 from central in [default]","logger":"airflow.task.hooks.airflow.providers.standard.hooks.subprocess.SubprocessHook"}
{"timestamp":"2025-07-27T16:00:07.533015","level":"info","event":"\torg.apache.commons#commons-text;1.10.0 from central in [default]","logger":"airflow.task.hooks.airflow.providers.standard.hooks.subprocess.SubprocessHook"}
{"timestamp":"2025-07-27T16:00:07.533123","level":"info","event":"\torg.apache.curator#curator-client;4.2.0 from central in [default]","logger":"airflow.task.hooks.airflow.providers.standard.hooks.subprocess.SubprocessHook"}
{"timestamp":"2025-07-27T16:00:07.533226","level":"info","event":"\torg.apache.curator#curator-framework;4.2.0 from central in [default]","logger":"airflow.task.hooks.airflow.providers.standard.hooks.subprocess.SubprocessHook"}
{"timestamp":"2025-07-27T16:00:07.533329","level":"info","event":"\torg.apache.curator#curator-recipes;4.2.0 from central in [default]","logger":"airflow.task.hooks.airflow.providers.standard.hooks.subprocess.SubprocessHook"}
{"timestamp":"2025-07-27T16:00:07.533434","level":"info","event":"\torg.apache.hadoop#hadoop-annotations;3.3.5 from central in [default]","logger":"airflow.task.hooks.airflow.providers.standard.hooks.subprocess.SubprocessHook"}
{"timestamp":"2025-07-27T16:00:07.533729","level":"info","event":"\torg.apache.hadoop#hadoop-auth;3.3.5 from central in [default]","logger":"airflow.task.hooks.airflow.providers.standard.hooks.subprocess.SubprocessHook"}
{"timestamp":"2025-07-27T16:00:07.533938","level":"info","event":"\torg.apache.hadoop#hadoop-aws;3.3.5 from central in [default]","logger":"airflow.task.hooks.airflow.providers.standard.hooks.subprocess.SubprocessHook"}
{"timestamp":"2025-07-27T16:00:07.534119","level":"info","event":"\torg.apache.hadoop#hadoop-common;3.3.5 from central in [default]","logger":"airflow.task.hooks.airflow.providers.standard.hooks.subprocess.SubprocessHook"}
{"timestamp":"2025-07-27T16:00:07.534232","level":"info","event":"\torg.apache.hadoop.thirdparty#hadoop-shaded-guava;1.1.1 from central in [default]","logger":"airflow.task.hooks.airflow.providers.standard.hooks.subprocess.SubprocessHook"}
{"timestamp":"2025-07-27T16:00:07.534334","level":"info","event":"\torg.apache.hadoop.thirdparty#hadoop-shaded-protobuf_3_7;1.1.1 from central in [default]","logger":"airflow.task.hooks.airflow.providers.standard.hooks.subprocess.SubprocessHook"}
{"timestamp":"2025-07-27T16:00:07.534436","level":"info","event":"\torg.apache.httpcomponents#httpclient;4.5.13 from central in [default]","logger":"airflow.task.hooks.airflow.providers.standard.hooks.subprocess.SubprocessHook"}
{"timestamp":"2025-07-27T16:00:07.534619","level":"info","event":"\torg.apache.httpcomponents#httpcore;4.4.13 from central in [default]","logger":"airflow.task.hooks.airflow.providers.standard.hooks.subprocess.SubprocessHook"}
{"timestamp":"2025-07-27T16:00:07.534728","level":"info","event":"\torg.apache.kerby#kerb-admin;1.0.1 from central in [default]","logger":"airflow.task.hooks.airflow.providers.standard.hooks.subprocess.SubprocessHook"}
{"timestamp":"2025-07-27T16:00:07.534842","level":"info","event":"\torg.apache.kerby#kerb-client;1.0.1 from central in [default]","logger":"airflow.task.hooks.airflow.providers.standard.hooks.subprocess.SubprocessHook"}
{"timestamp":"2025-07-27T16:00:07.534986","level":"info","event":"\torg.apache.kerby#kerb-common;1.0.1 from central in [default]","logger":"airflow.task.hooks.airflow.providers.standard.hooks.subprocess.SubprocessHook"}
{"timestamp":"2025-07-27T16:00:07.535189","level":"info","event":"\torg.apache.kerby#kerb-core;1.0.1 from central in [default]","logger":"airflow.task.hooks.airflow.providers.standard.hooks.subprocess.SubprocessHook"}
{"timestamp":"2025-07-27T16:00:07.535296","level":"info","event":"\torg.apache.kerby#kerb-crypto;1.0.1 from central in [default]","logger":"airflow.task.hooks.airflow.providers.standard.hooks.subprocess.SubprocessHook"}
{"timestamp":"2025-07-27T16:00:07.535399","level":"info","event":"\torg.apache.kerby#kerb-identity;1.0.1 from central in [default]","logger":"airflow.task.hooks.airflow.providers.standard.hooks.subprocess.SubprocessHook"}
{"timestamp":"2025-07-27T16:00:07.535497","level":"info","event":"\torg.apache.kerby#kerb-server;1.0.1 from central in [default]","logger":"airflow.task.hooks.airflow.providers.standard.hooks.subprocess.SubprocessHook"}
{"timestamp":"2025-07-27T16:00:07.535598","level":"info","event":"\torg.apache.kerby#kerb-simplekdc;1.0.1 from central in [default]","logger":"airflow.task.hooks.airflow.providers.standard.hooks.subprocess.SubprocessHook"}
{"timestamp":"2025-07-27T16:00:07.535698","level":"info","event":"\torg.apache.kerby#kerb-util;1.0.1 from central in [default]","logger":"airflow.task.hooks.airflow.providers.standard.hooks.subprocess.SubprocessHook"}
{"timestamp":"2025-07-27T16:00:07.535799","level":"info","event":"\torg.apache.kerby#kerby-asn1;1.0.1 from central in [default]","logger":"airflow.task.hooks.airflow.providers.standard.hooks.subprocess.SubprocessHook"}
{"timestamp":"2025-07-27T16:00:07.535972","level":"info","event":"\torg.apache.kerby#kerby-config;1.0.1 from central in [default]","logger":"airflow.task.hooks.airflow.providers.standard.hooks.subprocess.SubprocessHook"}
{"timestamp":"2025-07-27T16:00:07.536164","level":"info","event":"\torg.apache.kerby#kerby-pkix;1.0.1 from central in [default]","logger":"airflow.task.hooks.airflow.providers.standard.hooks.subprocess.SubprocessHook"}
{"timestamp":"2025-07-27T16:00:07.536270","level":"info","event":"\torg.apache.kerby#kerby-util;1.0.1 from central in [default]","logger":"airflow.task.hooks.airflow.providers.standard.hooks.subprocess.SubprocessHook"}
{"timestamp":"2025-07-27T16:00:07.536370","level":"info","event":"\torg.apache.kerby#kerby-xdr;1.0.1 from central in [default]","logger":"airflow.task.hooks.airflow.providers.standard.hooks.subprocess.SubprocessHook"}
{"timestamp":"2025-07-27T16:00:07.536470","level":"info","event":"\torg.apache.kerby#token-provider;1.0.1 from central in [default]","logger":"airflow.task.hooks.airflow.providers.standard.hooks.subprocess.SubprocessHook"}
{"timestamp":"2025-07-27T16:00:07.536572","level":"info","event":"\torg.apache.yetus#audience-annotations;0.5.0 from central in [default]","logger":"airflow.task.hooks.airflow.providers.standard.hooks.subprocess.SubprocessHook"}
{"timestamp":"2025-07-27T16:00:07.536671","level":"info","event":"\torg.apache.zookeeper#zookeeper;3.5.6 from central in [default]","logger":"airflow.task.hooks.airflow.providers.standard.hooks.subprocess.SubprocessHook"}
{"timestamp":"2025-07-27T16:00:07.536770","level":"info","event":"\torg.apache.zookeeper#zookeeper-jute;3.5.6 from central in [default]","logger":"airflow.task.hooks.airflow.providers.standard.hooks.subprocess.SubprocessHook"}
{"timestamp":"2025-07-27T16:00:07.536870","level":"info","event":"\torg.checkerframework#checker-qual;2.5.2 from central in [default]","logger":"airflow.task.hooks.airflow.providers.standard.hooks.subprocess.SubprocessHook"}
{"timestamp":"2025-07-27T16:00:07.537006","level":"info","event":"\torg.codehaus.jackson#jackson-core-asl;1.9.13 from central in [default]","logger":"airflow.task.hooks.airflow.providers.standard.hooks.subprocess.SubprocessHook"}
{"timestamp":"2025-07-27T16:00:07.537112","level":"info","event":"\torg.codehaus.jackson#jackson-mapper-asl;1.9.13 from central in [default]","logger":"airflow.task.hooks.airflow.providers.standard.hooks.subprocess.SubprocessHook"}
{"timestamp":"2025-07-27T16:00:07.537215","level":"info","event":"\torg.codehaus.jettison#jettison;1.5.3 from central in [default]","logger":"airflow.task.hooks.airflow.providers.standard.hooks.subprocess.SubprocessHook"}
{"timestamp":"2025-07-27T16:00:07.537408","level":"info","event":"\torg.codehaus.mojo#animal-sniffer-annotations;1.17 from central in [default]","logger":"airflow.task.hooks.airflow.providers.standard.hooks.subprocess.SubprocessHook"}
{"timestamp":"2025-07-27T16:00:07.537511","level":"info","event":"\torg.codehaus.woodstox#stax2-api;4.2.1 from central in [default]","logger":"airflow.task.hooks.airflow.providers.standard.hooks.subprocess.SubprocessHook"}
{"timestamp":"2025-07-27T16:00:07.537696","level":"info","event":"\torg.eclipse.jetty#jetty-http;9.4.48.v20220622 from central in [default]","logger":"airflow.task.hooks.airflow.providers.standard.hooks.subprocess.SubprocessHook"}
{"timestamp":"2025-07-27T16:00:07.537798","level":"info","event":"\torg.eclipse.jetty#jetty-io;9.4.48.v20220622 from central in [default]","logger":"airflow.task.hooks.airflow.providers.standard.hooks.subprocess.SubprocessHook"}
{"timestamp":"2025-07-27T16:00:07.537914","level":"info","event":"\torg.eclipse.jetty#jetty-security;9.4.48.v20220622 from central in [default]","logger":"airflow.task.hooks.airflow.providers.standard.hooks.subprocess.SubprocessHook"}
{"timestamp":"2025-07-27T16:00:07.538025","level":"info","event":"\torg.eclipse.jetty#jetty-server;9.4.48.v20220622 from central in [default]","logger":"airflow.task.hooks.airflow.providers.standard.hooks.subprocess.SubprocessHook"}
{"timestamp":"2025-07-27T16:00:07.538121","level":"info","event":"\torg.eclipse.jetty#jetty-servlet;9.4.48.v20220622 from central in [default]","logger":"airflow.task.hooks.airflow.providers.standard.hooks.subprocess.SubprocessHook"}
{"timestamp":"2025-07-27T16:00:07.538319","level":"info","event":"\torg.eclipse.jetty#jetty-util;9.4.48.v20220622 from central in [default]","logger":"airflow.task.hooks.airflow.providers.standard.hooks.subprocess.SubprocessHook"}
{"timestamp":"2025-07-27T16:00:07.538420","level":"info","event":"\torg.eclipse.jetty#jetty-util-ajax;9.4.48.v20220622 from central in [default]","logger":"airflow.task.hooks.airflow.providers.standard.hooks.subprocess.SubprocessHook"}
{"timestamp":"2025-07-27T16:00:07.538516","level":"info","event":"\torg.eclipse.jetty#jetty-webapp;9.4.48.v20220622 from central in [default]","logger":"airflow.task.hooks.airflow.providers.standard.hooks.subprocess.SubprocessHook"}
{"timestamp":"2025-07-27T16:00:07.538667","level":"info","event":"\torg.eclipse.jetty#jetty-xml;9.4.48.v20220622 from central in [default]","logger":"airflow.task.hooks.airflow.providers.standard.hooks.subprocess.SubprocessHook"}
{"timestamp":"2025-07-27T16:00:07.538773","level":"info","event":"\torg.ow2.asm#asm;5.0.4 from central in [default]","logger":"airflow.task.hooks.airflow.providers.standard.hooks.subprocess.SubprocessHook"}
{"timestamp":"2025-07-27T16:00:07.538869","level":"info","event":"\torg.slf4j#slf4j-api;1.7.36 from central in [default]","logger":"airflow.task.hooks.airflow.providers.standard.hooks.subprocess.SubprocessHook"}
{"timestamp":"2025-07-27T16:00:07.538995","level":"info","event":"\torg.slf4j#slf4j-reload4j;1.7.36 from central in [default]","logger":"airflow.task.hooks.airflow.providers.standard.hooks.subprocess.SubprocessHook"}
{"timestamp":"2025-07-27T16:00:07.539092","level":"info","event":"\torg.wildfly.openssl#wildfly-openssl;1.1.3.Final from central in [default]","logger":"airflow.task.hooks.airflow.providers.standard.hooks.subprocess.SubprocessHook"}
{"timestamp":"2025-07-27T16:00:07.539188","level":"info","event":"\torg.xerial.snappy#snappy-java;1.1.8.2 from central in [default]","logger":"airflow.task.hooks.airflow.providers.standard.hooks.subprocess.SubprocessHook"}
{"timestamp":"2025-07-27T16:00:07.539281","level":"info","event":"\t---------------------------------------------------------------------","logger":"airflow.task.hooks.airflow.providers.standard.hooks.subprocess.SubprocessHook"}
{"timestamp":"2025-07-27T16:00:07.539382","level":"info","event":"\t|                  |            modules            ||   artifacts   |","logger":"airflow.task.hooks.airflow.providers.standard.hooks.subprocess.SubprocessHook"}
{"timestamp":"2025-07-27T16:00:07.539481","level":"info","event":"\t|       conf       | number| search|dwnlded|evicted|| number|dwnlded|","logger":"airflow.task.hooks.airflow.providers.standard.hooks.subprocess.SubprocessHook"}
{"timestamp":"2025-07-27T16:00:07.539581","level":"info","event":"\t---------------------------------------------------------------------","logger":"airflow.task.hooks.airflow.providers.standard.hooks.subprocess.SubprocessHook"}
{"timestamp":"2025-07-27T16:00:07.539680","level":"info","event":"\t|      default     |   93  |   0   |   0   |   0   ||   93  |   0   |","logger":"airflow.task.hooks.airflow.providers.standard.hooks.subprocess.SubprocessHook"}
{"timestamp":"2025-07-27T16:00:07.539779","level":"info","event":"\t---------------------------------------------------------------------","logger":"airflow.task.hooks.airflow.providers.standard.hooks.subprocess.SubprocessHook"}
{"timestamp":"2025-07-27T16:00:07.568618","level":"info","event":":: retrieving :: org.apache.spark#spark-submit-parent-24683850-147d-47cf-b965-dce8b00c6c2e","logger":"airflow.task.hooks.airflow.providers.standard.hooks.subprocess.SubprocessHook"}
{"timestamp":"2025-07-27T16:00:07.568895","level":"info","event":"\tconfs: [default]","logger":"airflow.task.hooks.airflow.providers.standard.hooks.subprocess.SubprocessHook"}
{"timestamp":"2025-07-27T16:00:07.604831","level":"info","event":"\t0 artifacts copied, 93 already retrieved (0kB/36ms)","logger":"airflow.task.hooks.airflow.providers.standard.hooks.subprocess.SubprocessHook"}
{"timestamp":"2025-07-27T16:00:07.904368","level":"info","event":"25/07/27 16:00:07 WARN NativeCodeLoader: Unable to load native-hadoop library for your platform... using builtin-java classes where applicable","logger":"airflow.task.hooks.airflow.providers.standard.hooks.subprocess.SubprocessHook"}
{"timestamp":"2025-07-27T16:00:08.273720","level":"info","event":"Setting default log level to \"WARN\".","logger":"airflow.task.hooks.airflow.providers.standard.hooks.subprocess.SubprocessHook"}
{"timestamp":"2025-07-27T16:00:08.273988","level":"info","event":"To adjust logging level use sc.setLogLevel(newLevel). For SparkR, use setLogLevel(newLevel).","logger":"airflow.task.hooks.airflow.providers.standard.hooks.subprocess.SubprocessHook"}
{"timestamp":"2025-07-27T16:00:25.762590","level":"info","event":"25/07/27 16:00:25 WARN MetricsConfig: Cannot locate configuration: tried hadoop-metrics2-s3a-file-system.properties,hadoop-metrics2.properties","logger":"airflow.task.hooks.airflow.providers.standard.hooks.subprocess.SubprocessHook"}
{"timestamp":"2025-07-27T16:00:30.637500","level":"info","event":"\r[Stage 2:>                                                          (0 + 1) / 1]\r\r                                                                                \rSchedule:  20250728  hour= 01","logger":"airflow.task.hooks.airflow.providers.standard.hooks.subprocess.SubprocessHook"}
{"timestamp":"2025-07-27T16:00:30.637762","level":"info","event":"Read logs from Nginx...","logger":"airflow.task.hooks.airflow.providers.standard.hooks.subprocess.SubprocessHook"}
{"timestamp":"2025-07-27T16:00:30.637913","level":"info","event":"+---------------+---------+------------+------------+--------------------+-----------+-----------+--------------+--------------+-----------+------+--------------------+--------------------+-----------+","logger":"airflow.task.hooks.airflow.providers.standard.hooks.subprocess.SubprocessHook"}
{"timestamp":"2025-07-27T16:00:30.638037","level":"info","event":"|body_bytes_sent|     host|    hostname|http_referer|     http_user_agent|remote_addr|remote_user|       request|request_method|request_uri|status|        time_iso8601|          time_local|        uri|","logger":"airflow.task.hooks.airflow.providers.standard.hooks.subprocess.SubprocessHook"}
{"timestamp":"2025-07-27T16:00:30.638190","level":"info","event":"+---------------+---------+------------+------------+--------------------+-----------+-----------+--------------+--------------+-----------+------+--------------------+--------------------+-----------+","logger":"airflow.task.hooks.airflow.providers.standard.hooks.subprocess.SubprocessHook"}
{"timestamp":"2025-07-27T16:00:30.638334","level":"info","event":"|            615|localhost|605701da20f0|            |Mozilla/5.0 (Maci...| 172.18.0.1|           |GET / HTTP/1.1|           GET|          /|   200|2025-05-28T21:47:...|28/May/2025:21:47...|/index.html|","logger":"airflow.task.hooks.airflow.providers.standard.hooks.subprocess.SubprocessHook"}
{"timestamp":"2025-07-27T16:00:30.638469","level":"info","event":"+---------------+---------+------------+------------+--------------------+-----------+-----------+--------------+--------------+-----------+------+--------------------+--------------------+-----------+","logger":"airflow.task.hooks.airflow.providers.standard.hooks.subprocess.SubprocessHook"}
{"timestamp":"2025-07-27T16:00:30.638586","level":"info","event":"","logger":"airflow.task.hooks.airflow.providers.standard.hooks.subprocess.SubprocessHook"}
{"timestamp":"2025-07-27T16:00:30.638727","level":"info","event":"Parse to parquet and put into Minio...","logger":"airflow.task.hooks.airflow.providers.standard.hooks.subprocess.SubprocessHook"}
{"timestamp":"2025-07-27T16:00:30.638864","level":"info","event":"SUCCESSFULLY WRITE PARQUET TO MINIO!","logger":"airflow.task.hooks.airflow.providers.standard.hooks.subprocess.SubprocessHook"}
{"timestamp":"2025-07-27T16:00:31.081789","level":"info","event":"Command exited with return code 0","logger":"airflow.task.hooks.airflow.providers.standard.hooks.subprocess.SubprocessHook"}
{"timestamp":"2025-07-27T16:00:31.083273","level":"info","event":"Pushing xcom","ti":"RuntimeTaskInstance(id=UUID('01984c9c-cb3b-7907-85f1-f03a491a277d'), task_id='run_log_pipeline_script', dag_id='run_external_script_hourly', run_id='scheduled__2025-07-27T16:00:00+00:00', try_number=1, map_index=-1, hostname='ad91d3bf683b', context_carrier={}, task=<Task(BashOperator): run_log_pipeline_script>, bundle_instance=LocalDagBundle(name=dags-folder), max_tries=1, start_date=datetime.datetime(2025, 7, 27, 16, 0, 1, 299248, tzinfo=TzInfo(UTC)), end_date=None, state=<TaskInstanceState.RUNNING: 'running'>, is_mapped=False, rendered_map_index=None)","logger":"task"}
